#! /c/Source/iverilog-install/bin/vvp
:ivl_version "12.0 (devel)" "(s20150603-1539-g2693dd32b)";
:ivl_delay_selection "TYPICAL";
:vpi_time_precision - 9;
:vpi_module "C:\iverilog\lib\ivl\system.vpi";
:vpi_module "C:\iverilog\lib\ivl\vhdl_sys.vpi";
:vpi_module "C:\iverilog\lib\ivl\vhdl_textio.vpi";
:vpi_module "C:\iverilog\lib\ivl\v2005_math.vpi";
:vpi_module "C:\iverilog\lib\ivl\va_math.vpi";
S_00000154e0c762c0 .scope module, "testbench" "testbench" 2 4;
 .timescale -9 -9;
v00000154e0b5aae0_0 .net "Q", 3 0, v00000154e0c439c0_0;  1 drivers
v00000154e0b5ab80_0 .var "clk", 0 0;
v00000154e0b5ac20_0 .var "reset", 0 0;
v00000154e0b5acc0_0 .var "serial_in", 0 0;
S_00000154e0c76450 .scope module, "uut" "right_shift_4_bit" 2 15, 3 1 0, S_00000154e0c762c0;
 .timescale -9 -9;
    .port_info 0 /INPUT 1 "clk";
    .port_info 1 /INPUT 1 "reset";
    .port_info 2 /INPUT 1 "serial_in";
    .port_info 3 /OUTPUT 4 "Q";
v00000154e0c439c0_0 .var "Q", 3 0;
v00000154e0c43740_0 .net "clk", 0 0, v00000154e0b5ab80_0;  1 drivers
v00000154e0b5be10_0 .net "reset", 0 0, v00000154e0b5ac20_0;  1 drivers
v00000154e0b5beb0_0 .net "serial_in", 0 0, v00000154e0b5acc0_0;  1 drivers
E_00000154e0b59140 .event posedge, v00000154e0b5be10_0, v00000154e0c43740_0;
    .scope S_00000154e0c76450;
T_0 ;
    %wait E_00000154e0b59140;
    %load/vec4 v00000154e0b5be10_0;
    %flag_set/vec4 8;
    %jmp/0xz  T_0.0, 8;
    %pushi/vec4 0, 0, 4;
    %assign/vec4 v00000154e0c439c0_0, 0;
    %jmp T_0.1;
T_0.0 ;
    %load/vec4 v00000154e0b5beb0_0;
    %load/vec4 v00000154e0c439c0_0;
    %parti/s 3, 1, 2;
    %concat/vec4; draw_concat_vec4
    %assign/vec4 v00000154e0c439c0_0, 0;
T_0.1 ;
    %jmp T_0;
    .thread T_0;
    .scope S_00000154e0c762c0;
T_1 ;
    %pushi/vec4 0, 0, 1;
    %store/vec4 v00000154e0b5ab80_0, 0, 1;
    %pushi/vec4 0, 0, 1;
    %store/vec4 v00000154e0b5ac20_0, 0, 1;
    %end;
    .thread T_1;
    .scope S_00000154e0c762c0;
T_2 ;
    %delay 5, 0;
    %load/vec4 v00000154e0b5ab80_0;
    %inv;
    %store/vec4 v00000154e0b5ab80_0, 0, 1;
    %jmp T_2;
    .thread T_2;
    .scope S_00000154e0c762c0;
T_3 ;
    %vpi_call 2 18 "$monitor", "clk = %b, reset = %b, serial_in = %b, Q = %b", v00000154e0b5ab80_0, v00000154e0b5ac20_0, v00000154e0b5acc0_0, v00000154e0b5aae0_0 {0 0 0};
    %pushi/vec4 1, 0, 1;
    %store/vec4 v00000154e0b5ac20_0, 0, 1;
    %pushi/vec4 0, 0, 1;
    %store/vec4 v00000154e0b5acc0_0, 0, 1;
    %delay 10, 0;
    %pushi/vec4 0, 0, 1;
    %store/vec4 v00000154e0b5ac20_0, 0, 1;
    %pushi/vec4 1, 0, 1;
    %store/vec4 v00000154e0b5acc0_0, 0, 1;
    %delay 10, 0;
    %pushi/vec4 0, 0, 1;
    %store/vec4 v00000154e0b5ac20_0, 0, 1;
    %pushi/vec4 1, 0, 1;
    %store/vec4 v00000154e0b5acc0_0, 0, 1;
    %delay 10, 0;
    %pushi/vec4 0, 0, 1;
    %store/vec4 v00000154e0b5ac20_0, 0, 1;
    %pushi/vec4 1, 0, 1;
    %store/vec4 v00000154e0b5acc0_0, 0, 1;
    %delay 10, 0;
    %pushi/vec4 0, 0, 1;
    %store/vec4 v00000154e0b5ac20_0, 0, 1;
    %pushi/vec4 0, 0, 1;
    %store/vec4 v00000154e0b5acc0_0, 0, 1;
    %delay 10, 0;
    %pushi/vec4 0, 0, 1;
    %store/vec4 v00000154e0b5ac20_0, 0, 1;
    %pushi/vec4 0, 0, 1;
    %store/vec4 v00000154e0b5acc0_0, 0, 1;
    %delay 10, 0;
    %vpi_call 2 25 "$finish" {0 0 0};
    %end;
    .thread T_3;
# The file index is used to find the file name in the following table.
:file_names 4;
    "N/A";
    "<interactive>";
    "4_bit_shift_right_registers_tb.v";
    "./4_bit_shift_right_registers.v";
