#! /c/Source/iverilog-install/bin/vvp
:ivl_version "12.0 (devel)" "(s20150603-1539-g2693dd32b)";
:ivl_delay_selection "TYPICAL";
:vpi_time_precision - 9;
:vpi_module "C:\iverilog\lib\ivl\system.vpi";
:vpi_module "C:\iverilog\lib\ivl\vhdl_sys.vpi";
:vpi_module "C:\iverilog\lib\ivl\vhdl_textio.vpi";
:vpi_module "C:\iverilog\lib\ivl\v2005_math.vpi";
:vpi_module "C:\iverilog\lib\ivl\va_math.vpi";
S_0000025211d161b0 .scope module, "testbench" "testbench" 2 4;
 .timescale -9 -9;
v0000025211d16570_0 .net "Q", 3 0, v0000025211ce39c0_0;  1 drivers
v0000025211d14750_0 .var "clk", 0 0;
v0000025211d147f0_0 .var "reset", 0 0;
v0000025211ccb900_0 .var "serial_in", 0 0;
S_0000025211d16340 .scope module, "uut" "shift_registers_4_bit" 2 12, 3 1 0, S_0000025211d161b0;
 .timescale -9 -9;
    .port_info 0 /INPUT 1 "clk";
    .port_info 1 /INPUT 1 "reset";
    .port_info 2 /INPUT 1 "serial_in";
    .port_info 3 /OUTPUT 4 "Q";
v0000025211ce39c0_0 .var "Q", 3 0;
v0000025211ce3740_0 .net "clk", 0 0, v0000025211d14750_0;  1 drivers
v0000025211cca3e0_0 .net "reset", 0 0, v0000025211d147f0_0;  1 drivers
v0000025211d164d0_0 .net "serial_in", 0 0, v0000025211ccb900_0;  1 drivers
E_0000025211ccb400 .event posedge, v0000025211cca3e0_0, v0000025211ce3740_0;
    .scope S_0000025211d16340;
T_0 ;
    %wait E_0000025211ccb400;
    %load/vec4 v0000025211cca3e0_0;
    %flag_set/vec4 8;
    %jmp/0xz  T_0.0, 8;
    %pushi/vec4 0, 0, 4;
    %assign/vec4 v0000025211ce39c0_0, 0;
    %jmp T_0.1;
T_0.0 ;
    %load/vec4 v0000025211ce39c0_0;
    %parti/s 3, 0, 2;
    %load/vec4 v0000025211d164d0_0;
    %concat/vec4; draw_concat_vec4
    %assign/vec4 v0000025211ce39c0_0, 0;
T_0.1 ;
    %jmp T_0;
    .thread T_0;
    .scope S_0000025211d161b0;
T_1 ;
    %pushi/vec4 0, 0, 1;
    %store/vec4 v0000025211d14750_0, 0, 1;
    %end;
    .thread T_1;
    .scope S_0000025211d161b0;
T_2 ;
    %pushi/vec4 0, 0, 1;
    %store/vec4 v0000025211d147f0_0, 0, 1;
    %end;
    .thread T_2;
    .scope S_0000025211d161b0;
T_3 ;
    %delay 5, 0;
    %load/vec4 v0000025211d14750_0;
    %inv;
    %store/vec4 v0000025211d14750_0, 0, 1;
    %jmp T_3;
    .thread T_3;
    .scope S_0000025211d161b0;
T_4 ;
    %vpi_call 2 15 "$monitor", "clk = %b, reset = %b, serial_in = %b, Q = %b", v0000025211d14750_0, v0000025211d147f0_0, v0000025211ccb900_0, v0000025211d16570_0 {0 0 0};
    %pushi/vec4 1, 0, 1;
    %store/vec4 v0000025211d147f0_0, 0, 1;
    %pushi/vec4 0, 0, 1;
    %store/vec4 v0000025211ccb900_0, 0, 1;
    %delay 10, 0;
    %pushi/vec4 0, 0, 1;
    %store/vec4 v0000025211d147f0_0, 0, 1;
    %pushi/vec4 0, 0, 1;
    %store/vec4 v0000025211ccb900_0, 0, 1;
    %delay 10, 0;
    %pushi/vec4 0, 0, 1;
    %store/vec4 v0000025211d147f0_0, 0, 1;
    %pushi/vec4 1, 0, 1;
    %store/vec4 v0000025211ccb900_0, 0, 1;
    %delay 10, 0;
    %pushi/vec4 0, 0, 1;
    %store/vec4 v0000025211d147f0_0, 0, 1;
    %pushi/vec4 1, 0, 1;
    %store/vec4 v0000025211ccb900_0, 0, 1;
    %delay 10, 0;
    %pushi/vec4 0, 0, 1;
    %store/vec4 v0000025211d147f0_0, 0, 1;
    %pushi/vec4 1, 0, 1;
    %store/vec4 v0000025211ccb900_0, 0, 1;
    %delay 10, 0;
    %vpi_call 2 21 "$finish" {0 0 0};
    %end;
    .thread T_4;
# The file index is used to find the file name in the following table.
:file_names 4;
    "N/A";
    "<interactive>";
    "4_bit_shift_left_registers_tb.v";
    "./4_bit_shift_left_registers.v";
