#! /c/Source/iverilog-install/bin/vvp
:ivl_version "12.0 (devel)" "(s20150603-1539-g2693dd32b)";
:ivl_delay_selection "TYPICAL";
:vpi_time_precision - 9;
:vpi_module "C:\iverilog\lib\ivl\system.vpi";
:vpi_module "C:\iverilog\lib\ivl\vhdl_sys.vpi";
:vpi_module "C:\iverilog\lib\ivl\vhdl_textio.vpi";
:vpi_module "C:\iverilog\lib\ivl\v2005_math.vpi";
:vpi_module "C:\iverilog\lib\ivl\va_math.vpi";
S_00000203854c8a90 .scope module, "testbench" "testbench" 2 4;
 .timescale -9 -9;
v00000203855e5840_0 .var "a", 0 0;
v00000203855e58e0_0 .var "b", 0 0;
v00000203854cbc20_0 .net "y", 0 0, L_00000203855b3a00;  1 drivers
S_00000203855e5570 .scope module, "uut" "NOR_gate" 2 8, 3 1 0, S_00000203854c8a90;
 .timescale -9 -9;
    .port_info 0 /INPUT 1 "a";
    .port_info 1 /INPUT 1 "b";
    .port_info 2 /OUTPUT 1 "y";
L_00000203855e5980 .functor OR 1, v00000203855e5840_0, v00000203855e58e0_0, C4<0>, C4<0>;
L_00000203855b3a00 .functor NOT 1, L_00000203855e5980, C4<0>, C4<0>, C4<0>;
v00000203854c8c20_0 .net *"_ivl_0", 0 0, L_00000203855e5980;  1 drivers
v00000203855b3780_0 .net "a", 0 0, v00000203855e5840_0;  1 drivers
v00000203855e5700_0 .net "b", 0 0, v00000203855e58e0_0;  1 drivers
v00000203855e57a0_0 .net "y", 0 0, L_00000203855b3a00;  alias, 1 drivers
    .scope S_00000203854c8a90;
T_0 ;
    %vpi_call 2 11 "$monitor", "a = %b, b = %b, y = %b", v00000203855e5840_0, v00000203855e58e0_0, v00000203854cbc20_0 {0 0 0};
    %pushi/vec4 0, 0, 1;
    %store/vec4 v00000203855e5840_0, 0, 1;
    %pushi/vec4 0, 0, 1;
    %store/vec4 v00000203855e58e0_0, 0, 1;
    %delay 10, 0;
    %pushi/vec4 0, 0, 1;
    %store/vec4 v00000203855e5840_0, 0, 1;
    %pushi/vec4 1, 0, 1;
    %store/vec4 v00000203855e58e0_0, 0, 1;
    %delay 10, 0;
    %pushi/vec4 1, 0, 1;
    %store/vec4 v00000203855e5840_0, 0, 1;
    %pushi/vec4 0, 0, 1;
    %store/vec4 v00000203855e58e0_0, 0, 1;
    %delay 10, 0;
    %pushi/vec4 1, 0, 1;
    %store/vec4 v00000203855e5840_0, 0, 1;
    %pushi/vec4 1, 0, 1;
    %store/vec4 v00000203855e58e0_0, 0, 1;
    %delay 10, 0;
    %vpi_call 2 16 "$finish" {0 0 0};
    %end;
    .thread T_0;
# The file index is used to find the file name in the following table.
:file_names 4;
    "N/A";
    "<interactive>";
    "nor_tb.v";
    "./nor.v";
