#! /c/Source/iverilog-install/bin/vvp
:ivl_version "12.0 (devel)" "(s20150603-1539-g2693dd32b)";
:ivl_delay_selection "TYPICAL";
:vpi_time_precision - 9;
:vpi_module "C:\iverilog\lib\ivl\system.vpi";
:vpi_module "C:\iverilog\lib\ivl\vhdl_sys.vpi";
:vpi_module "C:\iverilog\lib\ivl\vhdl_textio.vpi";
:vpi_module "C:\iverilog\lib\ivl\v2005_math.vpi";
:vpi_module "C:\iverilog\lib\ivl\va_math.vpi";
S_000001c584dc9240 .scope module, "testbench" "testbench" 2 4;
 .timescale -9 -9;
v000001c584de3760_0 .var "A", 3 0;
v000001c584e15c00_0 .var "B", 3 0;
v000001c584e15ca0_0 .net "C", 3 0, L_000001c584e15d40;  1 drivers
S_000001c584e15a70 .scope module, "uut" "subtractor_4_bit" 2 8, 3 1 0, S_000001c584dc9240;
 .timescale -9 -9;
    .port_info 0 /INPUT 4 "A";
    .port_info 1 /INPUT 4 "B";
    .port_info 2 /OUTPUT 4 "C";
v000001c584dc93d0_0 .net "A", 3 0, v000001c584de3760_0;  1 drivers
v000001c584de3b50_0 .net "B", 3 0, v000001c584e15c00_0;  1 drivers
v000001c584e149d0_0 .net "C", 3 0, L_000001c584e15d40;  alias, 1 drivers
L_000001c584e15d40 .arith/sub 4, v000001c584de3760_0, v000001c584e15c00_0;
    .scope S_000001c584dc9240;
T_0 ;
    %vpi_call 2 11 "$monitor", "A = %d, B = %d, C = %d", v000001c584de3760_0, v000001c584e15c00_0, v000001c584e15ca0_0 {0 0 0};
    %pushi/vec4 10, 0, 4;
    %store/vec4 v000001c584de3760_0, 0, 4;
    %pushi/vec4 8, 0, 4;
    %store/vec4 v000001c584e15c00_0, 0, 4;
    %delay 10, 0;
    %pushi/vec4 14, 0, 4;
    %store/vec4 v000001c584de3760_0, 0, 4;
    %pushi/vec4 2, 0, 4;
    %store/vec4 v000001c584e15c00_0, 0, 4;
    %delay 10, 0;
    %pushi/vec4 5, 0, 4;
    %store/vec4 v000001c584de3760_0, 0, 4;
    %pushi/vec4 4, 0, 4;
    %store/vec4 v000001c584e15c00_0, 0, 4;
    %delay 10, 0;
    %pushi/vec4 15, 0, 4;
    %store/vec4 v000001c584de3760_0, 0, 4;
    %pushi/vec4 12, 0, 4;
    %store/vec4 v000001c584e15c00_0, 0, 4;
    %delay 10, 0;
    %vpi_call 2 16 "$finish" {0 0 0};
    %end;
    .thread T_0;
# The file index is used to find the file name in the following table.
:file_names 4;
    "N/A";
    "<interactive>";
    "4_bit_subtractor_tb.v";
    "./4_bit_subtractor.v";
