#! /c/Source/iverilog-install/bin/vvp
:ivl_version "12.0 (devel)" "(s20150603-1539-g2693dd32b)";
:ivl_delay_selection "TYPICAL";
:vpi_time_precision - 9;
:vpi_module "C:\iverilog\lib\ivl\system.vpi";
:vpi_module "C:\iverilog\lib\ivl\vhdl_sys.vpi";
:vpi_module "C:\iverilog\lib\ivl\vhdl_textio.vpi";
:vpi_module "C:\iverilog\lib\ivl\v2005_math.vpi";
:vpi_module "C:\iverilog\lib\ivl\va_math.vpi";
S_0000020988c1e990 .scope module, "mux_4_to_1_1" "mux_4_to_1_1" 2 1;
 .timescale -9 -9;
    .port_info 0 /INPUT 2 "a";
    .port_info 1 /INPUT 2 "b";
    .port_info 2 /INPUT 2 "c";
    .port_info 3 /INPUT 2 "d";
    .port_info 4 /INPUT 1 "sel1";
    .port_info 5 /INPUT 1 "sel2";
    .port_info 6 /OUTPUT 2 "y";
o0000020988d3e128 .functor BUFZ 1, C4<z>; HiZ drive
o0000020988d3e158 .functor BUFZ 1, C4<z>; HiZ drive
L_0000020988d26370 .functor AND 1, o0000020988d3e128, o0000020988d3e158, C4<1>, C4<1>;
v0000020988d03b50_0 .net *"_ivl_0", 0 0, L_0000020988d26370;  1 drivers
v0000020988d03780_0 .net *"_ivl_2", 1 0, L_0000020988d336c0;  1 drivers
v0000020988c1a5d0_0 .net *"_ivl_4", 1 0, L_0000020988d32b80;  1 drivers
o0000020988d3e068 .functor BUFZ 2, C4<zz>; HiZ drive
v0000020988c1ecb0_0 .net "a", 1 0, o0000020988d3e068;  0 drivers
o0000020988d3e098 .functor BUFZ 2, C4<zz>; HiZ drive
v0000020988c1ed50_0 .net "b", 1 0, o0000020988d3e098;  0 drivers
o0000020988d3e0c8 .functor BUFZ 2, C4<zz>; HiZ drive
v0000020988d26c80_0 .net "c", 1 0, o0000020988d3e0c8;  0 drivers
o0000020988d3e0f8 .functor BUFZ 2, C4<zz>; HiZ drive
v0000020988d26d20_0 .net "d", 1 0, o0000020988d3e0f8;  0 drivers
v0000020988d26dc0_0 .net "sel1", 0 0, o0000020988d3e128;  0 drivers
v0000020988d26e60_0 .net "sel2", 0 0, o0000020988d3e158;  0 drivers
v0000020988d26f00_0 .net "y", 1 0, L_0000020988d33300;  1 drivers
L_0000020988d336c0 .functor MUXZ 2, o0000020988d3e068, o0000020988d3e098, o0000020988d3e158, C4<>;
L_0000020988d32b80 .functor MUXZ 2, L_0000020988d336c0, o0000020988d3e0c8, o0000020988d3e128, C4<>;
L_0000020988d33300 .functor MUXZ 2, L_0000020988d32b80, o0000020988d3e0f8, L_0000020988d26370, C4<>;
S_0000020988c1eb20 .scope module, "testbench" "testbench" 3 5;
 .timescale -9 -9;
v0000020988d33440_0 .var "a", 9 0;
v0000020988d33260_0 .var "b", 9 0;
v0000020988d33580_0 .var "c", 9 0;
v0000020988d33a80_0 .var "d", 9 0;
v0000020988d338a0_0 .var "sel", 1 0;
v0000020988d33940_0 .net "y", 9 0, v0000020988d33800_0;  1 drivers
S_0000020988d26fa0 .scope module, "uut" "mux_4_to_1_2" 3 22, 2 5 0, S_0000020988c1eb20;
 .timescale -9 -9;
    .port_info 0 /INPUT 10 "a";
    .port_info 1 /INPUT 10 "b";
    .port_info 2 /INPUT 10 "c";
    .port_info 3 /INPUT 10 "d";
    .port_info 4 /INPUT 2 "sel";
    .port_info 5 /OUTPUT 10 "y";
P_0000020988d28770 .param/l "size" 0 2 5, +C4<00000000000000000000000000001010>;
v0000020988d27130_0 .net "a", 9 0, v0000020988d33440_0;  1 drivers
v0000020988d271d0_0 .net "b", 9 0, v0000020988d33260_0;  1 drivers
v0000020988d33760_0 .net "c", 9 0, v0000020988d33580_0;  1 drivers
v0000020988d339e0_0 .net "d", 9 0, v0000020988d33a80_0;  1 drivers
v0000020988d32ea0_0 .net "sel", 1 0, v0000020988d338a0_0;  1 drivers
v0000020988d33800_0 .var "y", 9 0;
E_0000020988d28970/0 .event anyedge, v0000020988d32ea0_0, v0000020988d27130_0, v0000020988d271d0_0, v0000020988d33760_0;
E_0000020988d28970/1 .event anyedge, v0000020988d339e0_0;
E_0000020988d28970 .event/or E_0000020988d28970/0, E_0000020988d28970/1;
    .scope S_0000020988d26fa0;
T_0 ;
    %wait E_0000020988d28970;
    %load/vec4 v0000020988d32ea0_0;
    %dup/vec4;
    %pushi/vec4 0, 0, 2;
    %cmp/u;
    %jmp/1 T_0.0, 6;
    %dup/vec4;
    %pushi/vec4 1, 0, 2;
    %cmp/u;
    %jmp/1 T_0.1, 6;
    %dup/vec4;
    %pushi/vec4 2, 0, 2;
    %cmp/u;
    %jmp/1 T_0.2, 6;
    %dup/vec4;
    %pushi/vec4 3, 0, 2;
    %cmp/u;
    %jmp/1 T_0.3, 6;
    %pushi/vec4 0, 0, 10;
    %store/vec4 v0000020988d33800_0, 0, 10;
    %jmp T_0.5;
T_0.0 ;
    %load/vec4 v0000020988d27130_0;
    %store/vec4 v0000020988d33800_0, 0, 10;
    %jmp T_0.5;
T_0.1 ;
    %load/vec4 v0000020988d271d0_0;
    %store/vec4 v0000020988d33800_0, 0, 10;
    %jmp T_0.5;
T_0.2 ;
    %load/vec4 v0000020988d33760_0;
    %store/vec4 v0000020988d33800_0, 0, 10;
    %jmp T_0.5;
T_0.3 ;
    %load/vec4 v0000020988d339e0_0;
    %store/vec4 v0000020988d33800_0, 0, 10;
    %jmp T_0.5;
T_0.5 ;
    %pop/vec4 1;
    %jmp T_0;
    .thread T_0, $push;
    .scope S_0000020988c1eb20;
T_1 ;
    %vpi_call 3 25 "$monitor", "a = %0d, b = %0d, c = %0d, d = %0d, sel = %b, y = %0d", v0000020988d33440_0, v0000020988d33260_0, v0000020988d33580_0, v0000020988d33a80_0, v0000020988d338a0_0, v0000020988d33940_0 {0 0 0};
    %pushi/vec4 100, 0, 10;
    %store/vec4 v0000020988d33440_0, 0, 10;
    %pushi/vec4 200, 0, 10;
    %store/vec4 v0000020988d33260_0, 0, 10;
    %pushi/vec4 300, 0, 10;
    %store/vec4 v0000020988d33580_0, 0, 10;
    %pushi/vec4 400, 0, 10;
    %store/vec4 v0000020988d33a80_0, 0, 10;
    %pushi/vec4 0, 0, 2;
    %store/vec4 v0000020988d338a0_0, 0, 2;
    %delay 10, 0;
    %pushi/vec4 100, 0, 10;
    %store/vec4 v0000020988d33440_0, 0, 10;
    %pushi/vec4 200, 0, 10;
    %store/vec4 v0000020988d33260_0, 0, 10;
    %pushi/vec4 300, 0, 10;
    %store/vec4 v0000020988d33580_0, 0, 10;
    %pushi/vec4 400, 0, 10;
    %store/vec4 v0000020988d33a80_0, 0, 10;
    %pushi/vec4 1, 0, 2;
    %store/vec4 v0000020988d338a0_0, 0, 2;
    %delay 10, 0;
    %pushi/vec4 100, 0, 10;
    %store/vec4 v0000020988d33440_0, 0, 10;
    %pushi/vec4 200, 0, 10;
    %store/vec4 v0000020988d33260_0, 0, 10;
    %pushi/vec4 300, 0, 10;
    %store/vec4 v0000020988d33580_0, 0, 10;
    %pushi/vec4 400, 0, 10;
    %store/vec4 v0000020988d33a80_0, 0, 10;
    %pushi/vec4 2, 0, 2;
    %store/vec4 v0000020988d338a0_0, 0, 2;
    %delay 10, 0;
    %pushi/vec4 100, 0, 10;
    %store/vec4 v0000020988d33440_0, 0, 10;
    %pushi/vec4 200, 0, 10;
    %store/vec4 v0000020988d33260_0, 0, 10;
    %pushi/vec4 300, 0, 10;
    %store/vec4 v0000020988d33580_0, 0, 10;
    %pushi/vec4 400, 0, 10;
    %store/vec4 v0000020988d33a80_0, 0, 10;
    %pushi/vec4 3, 0, 2;
    %store/vec4 v0000020988d338a0_0, 0, 2;
    %delay 10, 0;
    %vpi_call 3 30 "$finish" {0 0 0};
    %end;
    .thread T_1;
# The file index is used to find the file name in the following table.
:file_names 4;
    "N/A";
    "<interactive>";
    "./mux_4_to_1.v";
    "mux_4_to_1_tb.v";
