#! /c/Source/iverilog-install/bin/vvp
:ivl_version "12.0 (devel)" "(s20150603-1539-g2693dd32b)";
:ivl_delay_selection "TYPICAL";
:vpi_time_precision - 9;
:vpi_module "C:\iverilog\lib\ivl\system.vpi";
:vpi_module "C:\iverilog\lib\ivl\vhdl_sys.vpi";
:vpi_module "C:\iverilog\lib\ivl\vhdl_textio.vpi";
:vpi_module "C:\iverilog\lib\ivl\v2005_math.vpi";
:vpi_module "C:\iverilog\lib\ivl\va_math.vpi";
S_0000021e7d80b350 .scope module, "XNOR_gate_1" "XNOR_gate_1" 2 1;
 .timescale -9 -9;
    .port_info 0 /INPUT 1 "a";
    .port_info 1 /INPUT 1 "b";
    .port_info 2 /OUTPUT 1 "y";
o0000021e7d927008 .functor BUFZ 1, C4<z>; HiZ drive
o0000021e7d927038 .functor BUFZ 1, C4<z>; HiZ drive
L_0000021e7d925940 .functor XOR 1, o0000021e7d927008, o0000021e7d927038, C4<0>, C4<0>;
L_0000021e7d8f33e0 .functor NOT 1, L_0000021e7d925940, C4<0>, C4<0>, C4<0>;
v0000021e7d80b4e0_0 .net *"_ivl_0", 0 0, L_0000021e7d925940;  1 drivers
v0000021e7d80b580_0 .net "a", 0 0, o0000021e7d927008;  0 drivers
v0000021e7d8f3160_0 .net "b", 0 0, o0000021e7d927038;  0 drivers
v0000021e7d9262d0_0 .net "y", 0 0, L_0000021e7d8f33e0;  1 drivers
S_0000021e7d926140 .scope module, "testbench" "testbench" 3 4;
 .timescale -9 -9;
v0000021e7d80c240_0 .var "a", 0 0;
v0000021e7d80c2e0_0 .var "b", 0 0;
v0000021e7d80c380_0 .net "y", 0 0, v0000021e7d80c1a0_0;  1 drivers
S_0000021e7d926370 .scope module, "uut" "XNOR_gate_2" 3 8, 2 5 0, S_0000021e7d926140;
 .timescale -9 -9;
    .port_info 0 /INPUT 1 "a";
    .port_info 1 /INPUT 1 "b";
    .port_info 2 /OUTPUT 1 "y";
v0000021e7d926500_0 .net "a", 0 0, v0000021e7d80c240_0;  1 drivers
v0000021e7d80c100_0 .net "b", 0 0, v0000021e7d80c2e0_0;  1 drivers
v0000021e7d80c1a0_0 .var "y", 0 0;
E_0000021e7d80cef0 .event anyedge, v0000021e7d926500_0, v0000021e7d80c100_0;
    .scope S_0000021e7d926370;
T_0 ;
    %wait E_0000021e7d80cef0;
    %load/vec4 v0000021e7d926500_0;
    %load/vec4 v0000021e7d80c100_0;
    %xor;
    %inv;
    %store/vec4 v0000021e7d80c1a0_0, 0, 1;
    %jmp T_0;
    .thread T_0, $push;
    .scope S_0000021e7d926140;
T_1 ;
    %vpi_call 3 11 "$monitor", "a = %b, b = %b, y = %b", v0000021e7d80c240_0, v0000021e7d80c2e0_0, v0000021e7d80c380_0 {0 0 0};
    %pushi/vec4 0, 0, 1;
    %store/vec4 v0000021e7d80c240_0, 0, 1;
    %pushi/vec4 0, 0, 1;
    %store/vec4 v0000021e7d80c2e0_0, 0, 1;
    %delay 10, 0;
    %pushi/vec4 0, 0, 1;
    %store/vec4 v0000021e7d80c240_0, 0, 1;
    %pushi/vec4 1, 0, 1;
    %store/vec4 v0000021e7d80c2e0_0, 0, 1;
    %delay 10, 0;
    %pushi/vec4 1, 0, 1;
    %store/vec4 v0000021e7d80c240_0, 0, 1;
    %pushi/vec4 0, 0, 1;
    %store/vec4 v0000021e7d80c2e0_0, 0, 1;
    %delay 10, 0;
    %pushi/vec4 1, 0, 1;
    %store/vec4 v0000021e7d80c240_0, 0, 1;
    %pushi/vec4 1, 0, 1;
    %store/vec4 v0000021e7d80c2e0_0, 0, 1;
    %delay 10, 0;
    %vpi_call 3 16 "$finish" {0 0 0};
    %end;
    .thread T_1;
# The file index is used to find the file name in the following table.
:file_names 4;
    "N/A";
    "<interactive>";
    "./xnor.v";
    "xnor_tb.v";
