#! /c/Source/iverilog-install/bin/vvp
:ivl_version "12.0 (devel)" "(s20150603-1539-g2693dd32b)";
:ivl_delay_selection "TYPICAL";
:vpi_time_precision + 0;
:vpi_module "C:\iverilog\lib\ivl\system.vpi";
:vpi_module "C:\iverilog\lib\ivl\vhdl_sys.vpi";
:vpi_module "C:\iverilog\lib\ivl\vhdl_textio.vpi";
:vpi_module "C:\iverilog\lib\ivl\v2005_math.vpi";
:vpi_module "C:\iverilog\lib\ivl\va_math.vpi";
S_0000023a957268d0 .scope module, "AND_gate_4_in" "AND_gate_4_in" 2 1;
 .timescale 0 0;
    .port_info 0 /INPUT 1 "a";
    .port_info 1 /INPUT 1 "b";
    .port_info 2 /INPUT 1 "c";
    .port_info 3 /INPUT 1 "d";
    .port_info 4 /OUTPUT 1 "y";
o0000023a95777038 .functor BUFZ 1, C4<z>; HiZ drive
o0000023a95777068 .functor BUFZ 1, C4<z>; HiZ drive
L_0000023a95726ce0 .functor AND 1, o0000023a95777038, o0000023a95777068, C4<1>, C4<1>;
o0000023a95777098 .functor BUFZ 1, C4<z>; HiZ drive
L_0000023a957272b0 .functor AND 1, L_0000023a95726ce0, o0000023a95777098, C4<1>, C4<1>;
o0000023a957770c8 .functor BUFZ 1, C4<z>; HiZ drive
L_0000023a9572e310 .functor AND 1, L_0000023a957272b0, o0000023a957770c8, C4<1>, C4<1>;
v0000023a95727090_0 .net *"_ivl_0", 0 0, L_0000023a95726ce0;  1 drivers
v0000023a95726a60_0 .net *"_ivl_2", 0 0, L_0000023a957272b0;  1 drivers
v0000023a95726b00_0 .net "a", 0 0, o0000023a95777038;  0 drivers
v0000023a95726ba0_0 .net "b", 0 0, o0000023a95777068;  0 drivers
v0000023a95726c40_0 .net "c", 0 0, o0000023a95777098;  0 drivers
v0000023a9572e1d0_0 .net "d", 0 0, o0000023a957770c8;  0 drivers
v0000023a9572e270_0 .net "y", 0 0, L_0000023a9572e310;  1 drivers
# The file index is used to find the file name in the following table.
:file_names 3;
    "N/A";
    "<interactive>";
    "and_4_in.v";
