#! /c/Source/iverilog-install/bin/vvp
:ivl_version "12.0 (devel)" "(s20150603-1539-g2693dd32b)";
:ivl_delay_selection "TYPICAL";
:vpi_time_precision - 9;
:vpi_module "C:\iverilog\lib\ivl\system.vpi";
:vpi_module "C:\iverilog\lib\ivl\vhdl_sys.vpi";
:vpi_module "C:\iverilog\lib\ivl\vhdl_textio.vpi";
:vpi_module "C:\iverilog\lib\ivl\v2005_math.vpi";
:vpi_module "C:\iverilog\lib\ivl\va_math.vpi";
S_00000232b6086630 .scope module, "testbench" "testbench" 2 5;
 .timescale -9 -9;
v00000232b60869f0_0 .var "A", 2 0;
v00000232b616bc90_0 .net "Y", 0 0, v00000232b6086950_0;  1 drivers
S_00000232b60867c0 .scope module, "uut" "AND_gate_n_in" 2 9, 3 1 0, S_00000232b6086630;
 .timescale -9 -9;
    .port_info 0 /INPUT 3 "a";
    .port_info 1 /OUTPUT 1 "y";
P_00000232b616cdb0 .param/l "size" 0 3 1, +C4<00000000000000000000000000000011>;
v00000232b616a5f0_0 .net "a", 2 0, v00000232b60869f0_0;  1 drivers
v00000232b6053780_0 .var/i "i", 31 0;
v00000232b6086950_0 .var "y", 0 0;
E_00000232b616c2f0 .event anyedge, v00000232b6086950_0, v00000232b616a5f0_0;
    .scope S_00000232b60867c0;
T_0 ;
    %wait E_00000232b616c2f0;
    %pushi/vec4 1, 0, 1;
    %store/vec4 v00000232b6086950_0, 0, 1;
    %pushi/vec4 0, 0, 32;
    %store/vec4 v00000232b6053780_0, 0, 32;
T_0.0 ;
    %load/vec4 v00000232b6053780_0;
    %cmpi/s 3, 0, 32;
    %jmp/0xz T_0.1, 5;
    %load/vec4 v00000232b6086950_0;
    %load/vec4 v00000232b616a5f0_0;
    %load/vec4 v00000232b6053780_0;
    %part/s 1;
    %and;
    %store/vec4 v00000232b6086950_0, 0, 1;
    %load/vec4 v00000232b6053780_0;
    %addi 1, 0, 32;
    %store/vec4 v00000232b6053780_0, 0, 32;
    %jmp T_0.0;
T_0.1 ;
    %jmp T_0;
    .thread T_0, $push;
    .scope S_00000232b6086630;
T_1 ;
    %vpi_call 2 12 "$monitor", "A = %b, Y = %b", v00000232b60869f0_0, v00000232b616bc90_0 {0 0 0};
    %pushi/vec4 0, 0, 3;
    %store/vec4 v00000232b60869f0_0, 0, 3;
    %delay 10, 0;
    %pushi/vec4 4, 0, 3;
    %store/vec4 v00000232b60869f0_0, 0, 3;
    %delay 10, 0;
    %pushi/vec4 7, 0, 3;
    %store/vec4 v00000232b60869f0_0, 0, 3;
    %delay 10, 0;
    %pushi/vec4 3, 0, 3;
    %store/vec4 v00000232b60869f0_0, 0, 3;
    %delay 10, 0;
    %vpi_call 2 17 "$finish" {0 0 0};
    %end;
    .thread T_1;
# The file index is used to find the file name in the following table.
:file_names 4;
    "N/A";
    "<interactive>";
    "and_n_in_tb.v";
    "./and_n_in.v";
