#! /c/Source/iverilog-install/bin/vvp
:ivl_version "12.0 (devel)" "(s20150603-1539-g2693dd32b)";
:ivl_delay_selection "TYPICAL";
:vpi_time_precision - 9;
:vpi_module "C:\iverilog\lib\ivl\system.vpi";
:vpi_module "C:\iverilog\lib\ivl\vhdl_sys.vpi";
:vpi_module "C:\iverilog\lib\ivl\vhdl_textio.vpi";
:vpi_module "C:\iverilog\lib\ivl\v2005_math.vpi";
:vpi_module "C:\iverilog\lib\ivl\va_math.vpi";
S_00000156ca758d20 .scope module, "testbench" "testbench" 2 4;
 .timescale -9 -9;
v00000156ca723760_0 .var "in", 3 0;
v00000156ca63be70_0 .net "out", 1 0, v00000156ca79df30_0;  1 drivers
S_00000156ca7560f0 .scope module, "uut" "priority_encoder" 2 8, 3 1 0, S_00000156ca758d20;
 .timescale -9 -9;
    .port_info 0 /INPUT 4 "in";
    .port_info 1 /OUTPUT 2 "out";
v00000156ca723b50_0 .net "in", 3 0, v00000156ca723760_0;  1 drivers
v00000156ca79df30_0 .var "out", 1 0;
E_00000156ca63c3c0 .event anyedge, v00000156ca723b50_0;
    .scope S_00000156ca7560f0;
T_0 ;
    %wait E_00000156ca63c3c0;
    %load/vec4 v00000156ca723b50_0;
    %dup/vec4;
    %pushi/vec4 8, 7, 4;
    %cmp/x;
    %jmp/1 T_0.0, 4;
    %dup/vec4;
    %pushi/vec4 4, 3, 4;
    %cmp/x;
    %jmp/1 T_0.1, 4;
    %dup/vec4;
    %pushi/vec4 2, 1, 4;
    %cmp/x;
    %jmp/1 T_0.2, 4;
    %dup/vec4;
    %pushi/vec4 1, 0, 4;
    %cmp/x;
    %jmp/1 T_0.3, 4;
    %pushi/vec4 3, 3, 2;
    %store/vec4 v00000156ca79df30_0, 0, 2;
    %jmp T_0.5;
T_0.0 ;
    %pushi/vec4 3, 0, 2;
    %store/vec4 v00000156ca79df30_0, 0, 2;
    %jmp T_0.5;
T_0.1 ;
    %pushi/vec4 2, 0, 2;
    %store/vec4 v00000156ca79df30_0, 0, 2;
    %jmp T_0.5;
T_0.2 ;
    %pushi/vec4 1, 0, 2;
    %store/vec4 v00000156ca79df30_0, 0, 2;
    %jmp T_0.5;
T_0.3 ;
    %pushi/vec4 0, 0, 2;
    %store/vec4 v00000156ca79df30_0, 0, 2;
    %jmp T_0.5;
T_0.5 ;
    %pop/vec4 1;
    %jmp T_0;
    .thread T_0, $push;
    .scope S_00000156ca758d20;
T_1 ;
    %vpi_call 2 11 "$monitor", "in = %b, out = %b", v00000156ca723760_0, v00000156ca63be70_0 {0 0 0};
    %pushi/vec4 0, 0, 4;
    %store/vec4 v00000156ca723760_0, 0, 4;
    %delay 10, 0;
    %pushi/vec4 1, 0, 4;
    %store/vec4 v00000156ca723760_0, 0, 4;
    %delay 10, 0;
    %pushi/vec4 2, 0, 4;
    %store/vec4 v00000156ca723760_0, 0, 4;
    %delay 10, 0;
    %pushi/vec4 3, 0, 4;
    %store/vec4 v00000156ca723760_0, 0, 4;
    %delay 10, 0;
    %pushi/vec4 4, 0, 4;
    %store/vec4 v00000156ca723760_0, 0, 4;
    %delay 10, 0;
    %pushi/vec4 5, 0, 4;
    %store/vec4 v00000156ca723760_0, 0, 4;
    %delay 10, 0;
    %pushi/vec4 6, 0, 4;
    %store/vec4 v00000156ca723760_0, 0, 4;
    %delay 10, 0;
    %pushi/vec4 7, 0, 4;
    %store/vec4 v00000156ca723760_0, 0, 4;
    %delay 10, 0;
    %pushi/vec4 8, 0, 4;
    %store/vec4 v00000156ca723760_0, 0, 4;
    %delay 10, 0;
    %vpi_call 2 21 "$finish" {0 0 0};
    %end;
    .thread T_1;
# The file index is used to find the file name in the following table.
:file_names 4;
    "N/A";
    "<interactive>";
    "priority_encoder_tb.v";
    "./priority_encoder.v";
