#! /c/Source/iverilog-install/bin/vvp
:ivl_version "12.0 (devel)" "(s20150603-1539-g2693dd32b)";
:ivl_delay_selection "TYPICAL";
:vpi_time_precision - 9;
:vpi_module "C:\iverilog\lib\ivl\system.vpi";
:vpi_module "C:\iverilog\lib\ivl\vhdl_sys.vpi";
:vpi_module "C:\iverilog\lib\ivl\vhdl_textio.vpi";
:vpi_module "C:\iverilog\lib\ivl\v2005_math.vpi";
:vpi_module "C:\iverilog\lib\ivl\va_math.vpi";
S_000001add0dc6100 .scope module, "testbench" "testbench" 2 4;
 .timescale -9 -9;
v000001add0a890f0_0 .var "Y", 3 0;
v000001add0dc6420_0 .net "sel", 1 0, v000001add0d93780_0;  1 drivers
S_000001add0dc6290 .scope module, "uut" "encoder_4_to_2" 2 8, 3 1 0, S_000001add0dc6100;
 .timescale -9 -9;
    .port_info 0 /INPUT 4 "Y";
    .port_info 1 /OUTPUT 2 "sel";
v000001add0d93b70_0 .net "Y", 3 0, v000001add0a890f0_0;  1 drivers
v000001add0d93780_0 .var "sel", 1 0;
E_000001add0a8d180 .event anyedge, v000001add0d93b70_0;
    .scope S_000001add0dc6290;
T_0 ;
    %wait E_000001add0a8d180;
    %load/vec4 v000001add0d93b70_0;
    %dup/vec4;
    %pushi/vec4 1, 0, 4;
    %cmp/u;
    %jmp/1 T_0.0, 6;
    %dup/vec4;
    %pushi/vec4 2, 0, 4;
    %cmp/u;
    %jmp/1 T_0.1, 6;
    %dup/vec4;
    %pushi/vec4 4, 0, 4;
    %cmp/u;
    %jmp/1 T_0.2, 6;
    %dup/vec4;
    %pushi/vec4 8, 0, 4;
    %cmp/u;
    %jmp/1 T_0.3, 6;
    %pushi/vec4 3, 3, 2;
    %store/vec4 v000001add0d93780_0, 0, 2;
    %jmp T_0.5;
T_0.0 ;
    %pushi/vec4 0, 0, 2;
    %store/vec4 v000001add0d93780_0, 0, 2;
    %jmp T_0.5;
T_0.1 ;
    %pushi/vec4 1, 0, 2;
    %store/vec4 v000001add0d93780_0, 0, 2;
    %jmp T_0.5;
T_0.2 ;
    %pushi/vec4 2, 0, 2;
    %store/vec4 v000001add0d93780_0, 0, 2;
    %jmp T_0.5;
T_0.3 ;
    %pushi/vec4 3, 0, 2;
    %store/vec4 v000001add0d93780_0, 0, 2;
    %jmp T_0.5;
T_0.5 ;
    %pop/vec4 1;
    %jmp T_0;
    .thread T_0, $push;
    .scope S_000001add0dc6100;
T_1 ;
    %vpi_call 2 11 "$monitor", "Y = %b, sel = %b", v000001add0a890f0_0, v000001add0dc6420_0 {0 0 0};
    %pushi/vec4 1, 0, 4;
    %store/vec4 v000001add0a890f0_0, 0, 4;
    %delay 10, 0;
    %pushi/vec4 2, 0, 4;
    %store/vec4 v000001add0a890f0_0, 0, 4;
    %delay 10, 0;
    %pushi/vec4 4, 0, 4;
    %store/vec4 v000001add0a890f0_0, 0, 4;
    %delay 10, 0;
    %pushi/vec4 8, 0, 4;
    %store/vec4 v000001add0a890f0_0, 0, 4;
    %delay 10, 0;
    %vpi_call 2 16 "$finish" {0 0 0};
    %end;
    .thread T_1;
# The file index is used to find the file name in the following table.
:file_names 4;
    "N/A";
    "<interactive>";
    "4_to_2_encoder_tb.v";
    "./4_to_2_encoder.v";
