#! /c/Source/iverilog-install/bin/vvp
:ivl_version "12.0 (devel)" "(s20150603-1539-g2693dd32b)";
:ivl_delay_selection "TYPICAL";
:vpi_time_precision - 9;
:vpi_module "C:\iverilog\lib\ivl\system.vpi";
:vpi_module "C:\iverilog\lib\ivl\vhdl_sys.vpi";
:vpi_module "C:\iverilog\lib\ivl\vhdl_textio.vpi";
:vpi_module "C:\iverilog\lib\ivl\v2005_math.vpi";
:vpi_module "C:\iverilog\lib\ivl\va_math.vpi";
S_00000255a91a6140 .scope module, "adder_2_bit_1" "adder_2_bit_1" 2 2;
 .timescale -9 -9;
    .port_info 0 /INPUT 1 "a";
    .port_info 1 /INPUT 1 "b";
    .port_info 2 /INPUT 1 "cin";
    .port_info 3 /OUTPUT 1 "sum";
    .port_info 4 /OUTPUT 1 "cout";
L_00000255a91bc250 .functor OR 1, L_00000255a91bbca0, L_00000255a91bc720, C4<0>, C4<0>;
o00000255a91c0038 .functor BUFZ 1, C4<z>; HiZ drive
v00000255a91b66b0_0 .net "a", 0 0, o00000255a91c0038;  0 drivers
o00000255a91c0068 .functor BUFZ 1, C4<z>; HiZ drive
v00000255a91b75b0_0 .net "b", 0 0, o00000255a91c0068;  0 drivers
v00000255a91b5850_0 .net "c1", 0 0, L_00000255a91bbca0;  1 drivers
v00000255a91b5ad0_0 .net "c2", 0 0, L_00000255a91bc720;  1 drivers
o00000255a91c01b8 .functor BUFZ 1, C4<z>; HiZ drive
v00000255a91b5f30_0 .net "cin", 0 0, o00000255a91c01b8;  0 drivers
v00000255a9212af0_0 .net "cout", 0 0, L_00000255a91bc250;  1 drivers
v00000255a9213450_0 .net "s1", 0 0, L_00000255a91bbf40;  1 drivers
v00000255a9214210_0 .net "sum", 0 0, L_00000255a91bc1e0;  1 drivers
S_00000255a9196aa0 .scope module, "ins1" "half_adder_1" 2 4, 3 1 0, S_00000255a91a6140;
 .timescale -9 -9;
    .port_info 0 /INPUT 1 "A";
    .port_info 1 /INPUT 1 "B";
    .port_info 2 /OUTPUT 1 "Sum";
    .port_info 3 /OUTPUT 1 "Carry";
L_00000255a91bbf40 .functor XOR 1, o00000255a91c0038, o00000255a91c0068, C4<0>, C4<0>;
L_00000255a91bbca0 .functor AND 1, o00000255a91c0038, o00000255a91c0068, C4<1>, C4<1>;
v00000255a91b5cb0_0 .net "A", 0 0, o00000255a91c0038;  alias, 0 drivers
v00000255a91b71f0_0 .net "B", 0 0, o00000255a91c0068;  alias, 0 drivers
v00000255a91b6890_0 .net "Carry", 0 0, L_00000255a91bbca0;  alias, 1 drivers
v00000255a91b6430_0 .net "Sum", 0 0, L_00000255a91bbf40;  alias, 1 drivers
S_00000255a9196c30 .scope module, "ins2" "half_adder_1" 2 5, 3 1 0, S_00000255a91a6140;
 .timescale -9 -9;
    .port_info 0 /INPUT 1 "A";
    .port_info 1 /INPUT 1 "B";
    .port_info 2 /OUTPUT 1 "Sum";
    .port_info 3 /OUTPUT 1 "Carry";
L_00000255a91bc1e0 .functor XOR 1, L_00000255a91bbf40, o00000255a91c01b8, C4<0>, C4<0>;
L_00000255a91bc720 .functor AND 1, L_00000255a91bbf40, o00000255a91c01b8, C4<1>, C4<1>;
v00000255a91b5fd0_0 .net "A", 0 0, L_00000255a91bbf40;  alias, 1 drivers
v00000255a91b73d0_0 .net "B", 0 0, o00000255a91c01b8;  alias, 0 drivers
v00000255a91b5df0_0 .net "Carry", 0 0, L_00000255a91bc720;  alias, 1 drivers
v00000255a91b6610_0 .net "Sum", 0 0, L_00000255a91bc1e0;  alias, 1 drivers
S_00000255a91a62d0 .scope module, "adder_2_bit_2" "adder_2_bit_2" 2 9;
 .timescale -9 -9;
    .port_info 0 /INPUT 1 "a";
    .port_info 1 /INPUT 1 "b";
    .port_info 2 /INPUT 1 "cin";
    .port_info 3 /OUTPUT 1 "sum";
    .port_info 4 /OUTPUT 1 "cout";
o00000255a91c0428 .functor BUFZ 1, C4<z>; HiZ drive
o00000255a91c0458 .functor BUFZ 1, C4<z>; HiZ drive
L_00000255a91bcaa0 .functor AND 1, o00000255a91c0428, o00000255a91c0458, C4<1>, C4<1>;
o00000255a91c0518 .functor BUFZ 1, C4<z>; HiZ drive
L_00000255a91bbed0 .functor AND 1, o00000255a91c0428, o00000255a91c0518, C4<1>, C4<1>;
L_00000255a91bbd10 .functor AND 1, o00000255a91c0458, o00000255a91c0518, C4<1>, C4<1>;
L_00000255a91bc2c0 .functor XOR 1, o00000255a91c0428, o00000255a91c0458, o00000255a91c0518, C4<0>;
L_00000255a91bbfb0 .functor OR 1, L_00000255a91bcaa0, L_00000255a91bbed0, L_00000255a91bbd10, C4<0>;
v00000255a9212ff0_0 .net "a", 0 0, o00000255a91c0428;  0 drivers
v00000255a9212a50_0 .net "b", 0 0, o00000255a91c0458;  0 drivers
v00000255a92147b0_0 .net "c1", 0 0, L_00000255a91bcaa0;  1 drivers
v00000255a9213810_0 .net "c2", 0 0, L_00000255a91bbed0;  1 drivers
v00000255a9214490_0 .net "c3", 0 0, L_00000255a91bbd10;  1 drivers
v00000255a92136d0_0 .net "cin", 0 0, o00000255a91c0518;  0 drivers
v00000255a9212f50_0 .net "cout", 0 0, L_00000255a91bbfb0;  1 drivers
v00000255a9213270_0 .net "sum", 0 0, L_00000255a91bc2c0;  1 drivers
S_00000255a91a2070 .scope module, "half_adder_2" "half_adder_2" 3 6;
 .timescale -9 -9;
    .port_info 0 /INPUT 1 "A";
    .port_info 1 /INPUT 1 "B";
    .port_info 2 /OUTPUT 1 "Sum";
    .port_info 3 /OUTPUT 1 "Carry";
o00000255a91c0698 .functor BUFZ 1, C4<z>; HiZ drive
o00000255a91c06c8 .functor BUFZ 1, C4<z>; HiZ drive
L_00000255a91bbd80 .functor XOR 1, o00000255a91c0698, o00000255a91c06c8, C4<0>, C4<0>;
L_00000255a91bc020 .functor AND 1, o00000255a91c0698, o00000255a91c06c8, C4<1>, C4<1>;
v00000255a9213090_0 .net "A", 0 0, o00000255a91c0698;  0 drivers
v00000255a9212cd0_0 .net "B", 0 0, o00000255a91c06c8;  0 drivers
v00000255a92129b0_0 .net "Carry", 0 0, L_00000255a91bc020;  1 drivers
v00000255a9213310_0 .net "Sum", 0 0, L_00000255a91bbd80;  1 drivers
S_00000255a91a2200 .scope module, "half_adder_3" "half_adder_3" 3 11;
 .timescale -9 -9;
    .port_info 0 /INPUT 1 "A";
    .port_info 1 /INPUT 1 "B";
    .port_info 2 /OUTPUT 1 "Sum";
    .port_info 3 /OUTPUT 1 "Carry";
o00000255a91c0818 .functor BUFZ 1, C4<z>; HiZ drive
o00000255a91c0848 .functor BUFZ 1, C4<z>; HiZ drive
L_00000255a91bc790 .functor XOR 1, o00000255a91c0818, o00000255a91c0848, C4<0>, C4<0>;
L_00000255a91bc480 .functor AND 1, o00000255a91c0818, o00000255a91c0848, C4<1>, C4<1>;
v00000255a9213d10_0 .net "A", 0 0, o00000255a91c0818;  0 drivers
v00000255a9213a90_0 .net "B", 0 0, o00000255a91c0848;  0 drivers
v00000255a92140d0_0 .net "Carry", 0 0, L_00000255a91bc480;  1 drivers
v00000255a9213bd0_0 .net "Sum", 0 0, L_00000255a91bc790;  1 drivers
S_00000255a919de30 .scope module, "ripple_carry_adder_2" "ripple_carry_adder_2" 4 10;
 .timescale -9 -9;
    .port_info 0 /INPUT 4 "A";
    .port_info 1 /INPUT 4 "B";
    .port_info 2 /INPUT 1 "Cin";
    .port_info 3 /OUTPUT 4 "sum";
    .port_info 4 /OUTPUT 1 "cout";
P_00000255a91b04e0 .param/l "size" 0 4 10, +C4<00000000000000000000000000000100>;
o00000255a91c0998 .functor BUFZ 4, C4<zzzz>; HiZ drive
v00000255a9214170_0 .net "A", 3 0, o00000255a91c0998;  0 drivers
o00000255a91c09c8 .functor BUFZ 4, C4<zzzz>; HiZ drive
v00000255a9214850_0 .net "B", 3 0, o00000255a91c09c8;  0 drivers
v00000255a9213950_0 .net "C1", 0 0, L_00000255a92176f0;  1 drivers
v00000255a9212e10_0 .net "C2", 0 0, L_00000255a9218730;  1 drivers
v00000255a9213b30_0 .net "C3", 0 0, L_00000255a92187d0;  1 drivers
o00000255a91c0a88 .functor BUFZ 1, C4<z>; HiZ drive
v00000255a9213630_0 .net "Cin", 0 0, o00000255a91c0a88;  0 drivers
v00000255a92142b0_0 .net *"_ivl_0", 0 0, L_00000255a9217dd0;  1 drivers
L_00000255a9250088 .functor BUFT 1, C4<0>, C4<0>, C4<0>, C4<0>;
v00000255a9213f90_0 .net *"_ivl_10", 0 0, L_00000255a9250088;  1 drivers
v00000255a9212d70_0 .net *"_ivl_12", 0 0, L_00000255a9216d90;  1 drivers
v00000255a92138b0_0 .net *"_ivl_13", 1 0, L_00000255a9217e70;  1 drivers
L_00000255a92500d0 .functor BUFT 1, C4<0>, C4<0>, C4<0>, C4<0>;
v00000255a9213e50_0 .net *"_ivl_16", 0 0, L_00000255a92500d0;  1 drivers
v00000255a9214030_0 .net *"_ivl_17", 1 0, L_00000255a9217330;  1 drivers
v00000255a9212b90_0 .net *"_ivl_19", 1 0, L_00000255a9216c50;  1 drivers
L_00000255a9250118 .functor BUFT 1, C4<0>, C4<0>, C4<0>, C4<0>;
v00000255a92143f0_0 .net *"_ivl_22", 0 0, L_00000255a9250118;  1 drivers
v00000255a9212eb0_0 .net *"_ivl_23", 1 0, L_00000255a9217a10;  1 drivers
v00000255a92134f0_0 .net *"_ivl_25", 0 0, L_00000255a9216e30;  1 drivers
v00000255a9213db0_0 .net *"_ivl_31", 0 0, L_00000255a9217c90;  1 drivers
v00000255a9213c70_0 .net *"_ivl_32", 1 0, L_00000255a9217ab0;  1 drivers
L_00000255a9250160 .functor BUFT 1, C4<0>, C4<0>, C4<0>, C4<0>;
v00000255a9214350_0 .net *"_ivl_35", 0 0, L_00000255a9250160;  1 drivers
v00000255a9214530_0 .net *"_ivl_37", 0 0, L_00000255a9217b50;  1 drivers
v00000255a92145d0_0 .net *"_ivl_38", 1 0, L_00000255a92170b0;  1 drivers
L_00000255a92501a8 .functor BUFT 1, C4<0>, C4<0>, C4<0>, C4<0>;
v00000255a9213130_0 .net *"_ivl_41", 0 0, L_00000255a92501a8;  1 drivers
v00000255a92131d0_0 .net *"_ivl_42", 1 0, L_00000255a9216cf0;  1 drivers
v00000255a9214670_0 .net *"_ivl_44", 1 0, L_00000255a9217f10;  1 drivers
L_00000255a92501f0 .functor BUFT 1, C4<0>, C4<0>, C4<0>, C4<0>;
v00000255a92133b0_0 .net *"_ivl_47", 0 0, L_00000255a92501f0;  1 drivers
v00000255a9213590_0 .net *"_ivl_48", 1 0, L_00000255a9217fb0;  1 drivers
v00000255a9214710_0 .net *"_ivl_50", 0 0, L_00000255a9217bf0;  1 drivers
v00000255a9212c30_0 .net *"_ivl_56", 0 0, L_00000255a9217d30;  1 drivers
v00000255a92139f0_0 .net *"_ivl_57", 1 0, L_00000255a9218870;  1 drivers
v00000255a9213770_0 .net *"_ivl_6", 0 0, L_00000255a9216f70;  1 drivers
L_00000255a9250238 .functor BUFT 1, C4<0>, C4<0>, C4<0>, C4<0>;
v00000255a9213ef0_0 .net *"_ivl_60", 0 0, L_00000255a9250238;  1 drivers
v00000255a9215820_0 .net *"_ivl_62", 0 0, L_00000255a9216ed0;  1 drivers
v00000255a9215780_0 .net *"_ivl_63", 1 0, L_00000255a9217010;  1 drivers
L_00000255a9250280 .functor BUFT 1, C4<0>, C4<0>, C4<0>, C4<0>;
v00000255a9215f00_0 .net *"_ivl_66", 0 0, L_00000255a9250280;  1 drivers
v00000255a9214c40_0 .net *"_ivl_67", 1 0, L_00000255a9217150;  1 drivers
v00000255a9215960_0 .net *"_ivl_69", 1 0, L_00000255a92171f0;  1 drivers
v00000255a92158c0_0 .net *"_ivl_7", 1 0, L_00000255a92178d0;  1 drivers
L_00000255a92502c8 .functor BUFT 1, C4<0>, C4<0>, C4<0>, C4<0>;
v00000255a9216220_0 .net *"_ivl_72", 0 0, L_00000255a92502c8;  1 drivers
v00000255a9215640_0 .net *"_ivl_73", 1 0, L_00000255a9219bd0;  1 drivers
v00000255a9214d80_0 .net *"_ivl_75", 0 0, L_00000255a921a670;  1 drivers
v00000255a9216360_0 .net *"_ivl_82", 0 0, L_00000255a9219f90;  1 drivers
v00000255a9215320_0 .net *"_ivl_83", 1 0, L_00000255a9219a90;  1 drivers
L_00000255a9250310 .functor BUFT 1, C4<0>, C4<0>, C4<0>, C4<0>;
v00000255a92150a0_0 .net *"_ivl_86", 0 0, L_00000255a9250310;  1 drivers
v00000255a92156e0_0 .net *"_ivl_88", 0 0, L_00000255a921a170;  1 drivers
v00000255a9215a00_0 .net *"_ivl_89", 1 0, L_00000255a921afd0;  1 drivers
L_00000255a9250358 .functor BUFT 1, C4<0>, C4<0>, C4<0>, C4<0>;
v00000255a9215c80_0 .net *"_ivl_92", 0 0, L_00000255a9250358;  1 drivers
v00000255a9215aa0_0 .net *"_ivl_93", 1 0, L_00000255a921a3f0;  1 drivers
v00000255a9216680_0 .net *"_ivl_95", 1 0, L_00000255a921a990;  1 drivers
L_00000255a92503a0 .functor BUFT 1, C4<0>, C4<0>, C4<0>, C4<0>;
v00000255a9215460_0 .net *"_ivl_98", 0 0, L_00000255a92503a0;  1 drivers
v00000255a9214ce0_0 .net *"_ivl_99", 1 0, L_00000255a921a8f0;  1 drivers
v00000255a9216180_0 .net "cout", 0 0, L_00000255a921a350;  1 drivers
v00000255a9214e20_0 .net "sum", 3 0, L_00000255a921b7f0;  1 drivers
L_00000255a92176f0 .part L_00000255a9217a10, 1, 1;
L_00000255a9217dd0 .part L_00000255a9217a10, 0, 1;
L_00000255a9216f70 .part o00000255a91c0998, 0, 1;
L_00000255a92178d0 .concat [ 1 1 0 0], L_00000255a9216f70, L_00000255a9250088;
L_00000255a9216d90 .part o00000255a91c09c8, 0, 1;
L_00000255a9217e70 .concat [ 1 1 0 0], L_00000255a9216d90, L_00000255a92500d0;
L_00000255a9217330 .arith/sum 2, L_00000255a92178d0, L_00000255a9217e70;
L_00000255a9216c50 .concat [ 1 1 0 0], o00000255a91c0a88, L_00000255a9250118;
L_00000255a9217a10 .arith/sum 2, L_00000255a9217330, L_00000255a9216c50;
L_00000255a9218730 .part L_00000255a9217fb0, 1, 1;
L_00000255a9216e30 .part L_00000255a9217fb0, 0, 1;
L_00000255a9217c90 .part o00000255a91c0998, 1, 1;
L_00000255a9217ab0 .concat [ 1 1 0 0], L_00000255a9217c90, L_00000255a9250160;
L_00000255a9217b50 .part o00000255a91c09c8, 1, 1;
L_00000255a92170b0 .concat [ 1 1 0 0], L_00000255a9217b50, L_00000255a92501a8;
L_00000255a9216cf0 .arith/sum 2, L_00000255a9217ab0, L_00000255a92170b0;
L_00000255a9217f10 .concat [ 1 1 0 0], L_00000255a92176f0, L_00000255a92501f0;
L_00000255a9217fb0 .arith/sum 2, L_00000255a9216cf0, L_00000255a9217f10;
L_00000255a92187d0 .part L_00000255a9219bd0, 1, 1;
L_00000255a9217bf0 .part L_00000255a9219bd0, 0, 1;
L_00000255a9217d30 .part o00000255a91c0998, 2, 1;
L_00000255a9218870 .concat [ 1 1 0 0], L_00000255a9217d30, L_00000255a9250238;
L_00000255a9216ed0 .part o00000255a91c09c8, 2, 1;
L_00000255a9217010 .concat [ 1 1 0 0], L_00000255a9216ed0, L_00000255a9250280;
L_00000255a9217150 .arith/sum 2, L_00000255a9218870, L_00000255a9217010;
L_00000255a92171f0 .concat [ 1 1 0 0], L_00000255a9218730, L_00000255a92502c8;
L_00000255a9219bd0 .arith/sum 2, L_00000255a9217150, L_00000255a92171f0;
L_00000255a921b7f0 .concat8 [ 1 1 1 1], L_00000255a9217dd0, L_00000255a9216e30, L_00000255a9217bf0, L_00000255a921a670;
L_00000255a921a350 .part L_00000255a921a8f0, 1, 1;
L_00000255a921a670 .part L_00000255a921a8f0, 0, 1;
L_00000255a9219f90 .part o00000255a91c0998, 3, 1;
L_00000255a9219a90 .concat [ 1 1 0 0], L_00000255a9219f90, L_00000255a9250310;
L_00000255a921a170 .part o00000255a91c09c8, 3, 1;
L_00000255a921afd0 .concat [ 1 1 0 0], L_00000255a921a170, L_00000255a9250358;
L_00000255a921a3f0 .arith/sum 2, L_00000255a9219a90, L_00000255a921afd0;
L_00000255a921a990 .concat [ 1 1 0 0], L_00000255a92187d0, L_00000255a92503a0;
L_00000255a921a8f0 .arith/sum 2, L_00000255a921a3f0, L_00000255a921a990;
S_00000255a919dfc0 .scope module, "testbench" "testbench" 5 4;
 .timescale -9 -9;
v00000255a9217510_0 .var "A", 3 0;
v00000255a9217830_0 .var "B", 3 0;
v00000255a92175b0_0 .var "Cin", 0 0;
v00000255a9216b10_0 .net "cout", 0 0, L_00000255a921bed0;  1 drivers
v00000255a9216bb0_0 .net "sum", 3 0, L_00000255a921a210;  1 drivers
S_00000255a919b230 .scope module, "uut" "ripple_carry_adder_1" 5 10, 4 2 0, S_00000255a919dfc0;
 .timescale -9 -9;
    .port_info 0 /INPUT 4 "A";
    .port_info 1 /INPUT 4 "B";
    .port_info 2 /INPUT 1 "Cin";
    .port_info 3 /OUTPUT 4 "sum";
    .port_info 4 /OUTPUT 1 "cout";
P_00000255a91b08e0 .param/l "size" 0 4 2, +C4<00000000000000000000000000000100>;
v00000255a92184b0_0 .net "A", 3 0, v00000255a9217510_0;  1 drivers
v00000255a9218050_0 .net "B", 3 0, v00000255a9217830_0;  1 drivers
v00000255a9218550_0 .net "C1", 0 0, L_00000255a91bbe60;  1 drivers
v00000255a9218370_0 .net "C2", 0 0, L_00000255a921c2c0;  1 drivers
v00000255a9217970_0 .net "C3", 0 0, L_00000255a921bd80;  1 drivers
v00000255a9217790_0 .net "Cin", 0 0, v00000255a92175b0_0;  1 drivers
v00000255a9218410_0 .net "cout", 0 0, L_00000255a921bed0;  alias, 1 drivers
v00000255a9218690_0 .net "sum", 3 0, L_00000255a921a210;  alias, 1 drivers
L_00000255a921a710 .part v00000255a9217510_0, 0, 1;
L_00000255a921ae90 .part v00000255a9217830_0, 0, 1;
L_00000255a921b890 .part v00000255a9217510_0, 1, 1;
L_00000255a921a030 .part v00000255a9217830_0, 1, 1;
L_00000255a9219db0 .part v00000255a9217510_0, 2, 1;
L_00000255a921b2f0 .part v00000255a9217830_0, 2, 1;
L_00000255a921b570 .part v00000255a9217510_0, 3, 1;
L_00000255a921b1b0 .part v00000255a9217830_0, 3, 1;
L_00000255a921a210 .concat8 [ 1 1 1 1], L_00000255a91bc950, L_00000255a91a85b0, L_00000255a921c410, L_00000255a921c1e0;
S_00000255a8e6e720 .scope module, "A1" "adder_2_bit_3" 4 4, 2 18 0, S_00000255a919b230;
 .timescale -9 -9;
    .port_info 0 /INPUT 1 "a";
    .port_info 1 /INPUT 1 "b";
    .port_info 2 /INPUT 1 "cin";
    .port_info 3 /OUTPUT 1 "sum";
    .port_info 4 /OUTPUT 1 "cout";
L_00000255a91bc870 .functor XOR 1, L_00000255a921a710, L_00000255a921ae90, C4<0>, C4<0>;
L_00000255a91bc950 .functor XOR 1, L_00000255a91bc870, v00000255a92175b0_0, C4<0>, C4<0>;
L_00000255a91bbdf0 .functor AND 1, L_00000255a921a710, L_00000255a921ae90, C4<1>, C4<1>;
L_00000255a91bc560 .functor AND 1, L_00000255a921a710, v00000255a92175b0_0, C4<1>, C4<1>;
L_00000255a91bc9c0 .functor OR 1, L_00000255a91bbdf0, L_00000255a91bc560, C4<0>, C4<0>;
L_00000255a91bc3a0 .functor AND 1, L_00000255a921ae90, v00000255a92175b0_0, C4<1>, C4<1>;
L_00000255a91bbe60 .functor OR 1, L_00000255a91bc9c0, L_00000255a91bc3a0, C4<0>, C4<0>;
v00000255a92155a0_0 .net *"_ivl_0", 0 0, L_00000255a91bc870;  1 drivers
v00000255a9214a60_0 .net *"_ivl_10", 0 0, L_00000255a91bc3a0;  1 drivers
v00000255a9215140_0 .net *"_ivl_4", 0 0, L_00000255a91bbdf0;  1 drivers
v00000255a9216400_0 .net *"_ivl_6", 0 0, L_00000255a91bc560;  1 drivers
v00000255a92164a0_0 .net *"_ivl_8", 0 0, L_00000255a91bc9c0;  1 drivers
v00000255a9214ec0_0 .net "a", 0 0, L_00000255a921a710;  1 drivers
v00000255a92160e0_0 .net "b", 0 0, L_00000255a921ae90;  1 drivers
v00000255a9215b40_0 .net "cin", 0 0, v00000255a92175b0_0;  alias, 1 drivers
v00000255a9215fa0_0 .net "cout", 0 0, L_00000255a91bbe60;  alias, 1 drivers
v00000255a9216040_0 .net "sum", 0 0, L_00000255a91bc950;  1 drivers
S_00000255a8e6e8b0 .scope module, "A2" "adder_2_bit_3" 4 5, 2 18 0, S_00000255a919b230;
 .timescale -9 -9;
    .port_info 0 /INPUT 1 "a";
    .port_info 1 /INPUT 1 "b";
    .port_info 2 /INPUT 1 "cin";
    .port_info 3 /OUTPUT 1 "sum";
    .port_info 4 /OUTPUT 1 "cout";
L_00000255a91bc410 .functor XOR 1, L_00000255a921b890, L_00000255a921a030, C4<0>, C4<0>;
L_00000255a91a85b0 .functor XOR 1, L_00000255a91bc410, L_00000255a91bbe60, C4<0>, C4<0>;
L_00000255a921c170 .functor AND 1, L_00000255a921b890, L_00000255a921a030, C4<1>, C4<1>;
L_00000255a921c4f0 .functor AND 1, L_00000255a921b890, L_00000255a91bbe60, C4<1>, C4<1>;
L_00000255a921c560 .functor OR 1, L_00000255a921c170, L_00000255a921c4f0, C4<0>, C4<0>;
L_00000255a921bae0 .functor AND 1, L_00000255a921a030, L_00000255a91bbe60, C4<1>, C4<1>;
L_00000255a921c2c0 .functor OR 1, L_00000255a921c560, L_00000255a921bae0, C4<0>, C4<0>;
v00000255a9215be0_0 .net *"_ivl_0", 0 0, L_00000255a91bc410;  1 drivers
v00000255a9215280_0 .net *"_ivl_10", 0 0, L_00000255a921bae0;  1 drivers
v00000255a92167c0_0 .net *"_ivl_4", 0 0, L_00000255a921c170;  1 drivers
v00000255a9214f60_0 .net *"_ivl_6", 0 0, L_00000255a921c4f0;  1 drivers
v00000255a9215000_0 .net *"_ivl_8", 0 0, L_00000255a921c560;  1 drivers
v00000255a9215d20_0 .net "a", 0 0, L_00000255a921b890;  1 drivers
v00000255a92151e0_0 .net "b", 0 0, L_00000255a921a030;  1 drivers
v00000255a9215e60_0 .net "cin", 0 0, L_00000255a91bbe60;  alias, 1 drivers
v00000255a9215dc0_0 .net "cout", 0 0, L_00000255a921c2c0;  alias, 1 drivers
v00000255a92162c0_0 .net "sum", 0 0, L_00000255a91a85b0;  1 drivers
S_00000255a8e6da60 .scope module, "A3" "adder_2_bit_3" 4 6, 2 18 0, S_00000255a919b230;
 .timescale -9 -9;
    .port_info 0 /INPUT 1 "a";
    .port_info 1 /INPUT 1 "b";
    .port_info 2 /INPUT 1 "cin";
    .port_info 3 /OUTPUT 1 "sum";
    .port_info 4 /OUTPUT 1 "cout";
L_00000255a921c5d0 .functor XOR 1, L_00000255a9219db0, L_00000255a921b2f0, C4<0>, C4<0>;
L_00000255a921c410 .functor XOR 1, L_00000255a921c5d0, L_00000255a921c2c0, C4<0>, C4<0>;
L_00000255a921c100 .functor AND 1, L_00000255a9219db0, L_00000255a921b2f0, C4<1>, C4<1>;
L_00000255a921c480 .functor AND 1, L_00000255a9219db0, L_00000255a921c2c0, C4<1>, C4<1>;
L_00000255a921bb50 .functor OR 1, L_00000255a921c100, L_00000255a921c480, C4<0>, C4<0>;
L_00000255a921be60 .functor AND 1, L_00000255a921b2f0, L_00000255a921c2c0, C4<1>, C4<1>;
L_00000255a921bd80 .functor OR 1, L_00000255a921bb50, L_00000255a921be60, C4<0>, C4<0>;
v00000255a9214b00_0 .net *"_ivl_0", 0 0, L_00000255a921c5d0;  1 drivers
v00000255a9216540_0 .net *"_ivl_10", 0 0, L_00000255a921be60;  1 drivers
v00000255a9216720_0 .net *"_ivl_4", 0 0, L_00000255a921c100;  1 drivers
v00000255a92165e0_0 .net *"_ivl_6", 0 0, L_00000255a921c480;  1 drivers
v00000255a92153c0_0 .net *"_ivl_8", 0 0, L_00000255a921bb50;  1 drivers
v00000255a9214ba0_0 .net "a", 0 0, L_00000255a9219db0;  1 drivers
v00000255a92149c0_0 .net "b", 0 0, L_00000255a921b2f0;  1 drivers
v00000255a9216860_0 .net "cin", 0 0, L_00000255a921c2c0;  alias, 1 drivers
v00000255a9215500_0 .net "cout", 0 0, L_00000255a921bd80;  alias, 1 drivers
v00000255a92173d0_0 .net "sum", 0 0, L_00000255a921c410;  1 drivers
S_00000255a8e6dbf0 .scope module, "A4" "adder_2_bit_3" 4 7, 2 18 0, S_00000255a919b230;
 .timescale -9 -9;
    .port_info 0 /INPUT 1 "a";
    .port_info 1 /INPUT 1 "b";
    .port_info 2 /INPUT 1 "cin";
    .port_info 3 /OUTPUT 1 "sum";
    .port_info 4 /OUTPUT 1 "cout";
L_00000255a921bdf0 .functor XOR 1, L_00000255a921b570, L_00000255a921b1b0, C4<0>, C4<0>;
L_00000255a921c1e0 .functor XOR 1, L_00000255a921bdf0, L_00000255a921bd80, C4<0>, C4<0>;
L_00000255a921c250 .functor AND 1, L_00000255a921b570, L_00000255a921b1b0, C4<1>, C4<1>;
L_00000255a921bf40 .functor AND 1, L_00000255a921b570, L_00000255a921bd80, C4<1>, C4<1>;
L_00000255a921bd10 .functor OR 1, L_00000255a921c250, L_00000255a921bf40, C4<0>, C4<0>;
L_00000255a921c330 .functor AND 1, L_00000255a921b1b0, L_00000255a921bd80, C4<1>, C4<1>;
L_00000255a921bed0 .functor OR 1, L_00000255a921bd10, L_00000255a921c330, C4<0>, C4<0>;
v00000255a92182d0_0 .net *"_ivl_0", 0 0, L_00000255a921bdf0;  1 drivers
v00000255a9218190_0 .net *"_ivl_10", 0 0, L_00000255a921c330;  1 drivers
v00000255a92169d0_0 .net *"_ivl_4", 0 0, L_00000255a921c250;  1 drivers
v00000255a9217290_0 .net *"_ivl_6", 0 0, L_00000255a921bf40;  1 drivers
v00000255a92185f0_0 .net *"_ivl_8", 0 0, L_00000255a921bd10;  1 drivers
v00000255a92180f0_0 .net "a", 0 0, L_00000255a921b570;  1 drivers
v00000255a9217470_0 .net "b", 0 0, L_00000255a921b1b0;  1 drivers
v00000255a9218230_0 .net "cin", 0 0, L_00000255a921bd80;  alias, 1 drivers
v00000255a9216a70_0 .net "cout", 0 0, L_00000255a921bed0;  alias, 1 drivers
v00000255a9217650_0 .net "sum", 0 0, L_00000255a921c1e0;  1 drivers
    .scope S_00000255a919dfc0;
T_0 ;
    %vpi_call 5 13 "$monitor", "A = %d, B = %d, Cin = %d, sum = %d, carry = %d", v00000255a9217510_0, v00000255a9217830_0, v00000255a92175b0_0, v00000255a9216bb0_0, v00000255a9216b10_0 {0 0 0};
    %pushi/vec4 10, 0, 4;
    %store/vec4 v00000255a9217510_0, 0, 4;
    %pushi/vec4 5, 0, 4;
    %store/vec4 v00000255a9217830_0, 0, 4;
    %pushi/vec4 0, 0, 1;
    %store/vec4 v00000255a92175b0_0, 0, 1;
    %delay 10, 0;
    %pushi/vec4 15, 0, 4;
    %store/vec4 v00000255a9217510_0, 0, 4;
    %pushi/vec4 7, 0, 4;
    %store/vec4 v00000255a9217830_0, 0, 4;
    %pushi/vec4 1, 0, 1;
    %store/vec4 v00000255a92175b0_0, 0, 1;
    %delay 10, 0;
    %pushi/vec4 13, 0, 4;
    %store/vec4 v00000255a9217510_0, 0, 4;
    %pushi/vec4 11, 0, 4;
    %store/vec4 v00000255a9217830_0, 0, 4;
    %pushi/vec4 0, 0, 1;
    %store/vec4 v00000255a92175b0_0, 0, 1;
    %delay 10, 0;
    %pushi/vec4 12, 0, 4;
    %store/vec4 v00000255a9217510_0, 0, 4;
    %pushi/vec4 14, 0, 4;
    %store/vec4 v00000255a9217830_0, 0, 4;
    %pushi/vec4 1, 0, 1;
    %store/vec4 v00000255a92175b0_0, 0, 1;
    %delay 10, 0;
    %pushi/vec4 4, 0, 4;
    %store/vec4 v00000255a9217510_0, 0, 4;
    %pushi/vec4 7, 0, 4;
    %store/vec4 v00000255a9217830_0, 0, 4;
    %pushi/vec4 0, 0, 1;
    %store/vec4 v00000255a92175b0_0, 0, 1;
    %delay 10, 0;
    %vpi_call 5 19 "$finish" {0 0 0};
    %end;
    .thread T_0;
# The file index is used to find the file name in the following table.
:file_names 6;
    "N/A";
    "<interactive>";
    "./../full_adder/2_bit_full_adder.v";
    "./../half_adder/half_adder.v";
    "./ripple_carry_adder.v";
    "ripple_carry_adder_tb.v";
