#! /c/Source/iverilog-install/bin/vvp
:ivl_version "12.0 (devel)" "(s20150603-1539-g2693dd32b)";
:ivl_delay_selection "TYPICAL";
:vpi_time_precision - 9;
:vpi_module "C:\iverilog\lib\ivl\system.vpi";
:vpi_module "C:\iverilog\lib\ivl\vhdl_sys.vpi";
:vpi_module "C:\iverilog\lib\ivl\vhdl_textio.vpi";
:vpi_module "C:\iverilog\lib\ivl\v2005_math.vpi";
:vpi_module "C:\iverilog\lib\ivl\va_math.vpi";
S_000002264e4ab180 .scope module, "decoder_2_to_4_1" "decoder_2_to_4_1" 2 1;
 .timescale -9 -9;
    .port_info 0 /INPUT 2 "A";
    .port_info 1 /OUTPUT 4 "Y";
L_000002264e39cbf0 .functor NOT 1, L_000002264e503480, C4<0>, C4<0>, C4<0>;
L_000002264e505bc0 .functor NOT 1, L_000002264e503b60, C4<0>, C4<0>, C4<0>;
L_000002264e505840 .functor AND 1, L_000002264e39cbf0, L_000002264e505bc0, C4<1>, C4<1>;
L_000002264e5058b0 .functor NOT 1, L_000002264e503160, C4<0>, C4<0>, C4<0>;
L_000002264e505c30 .functor AND 1, L_000002264e503f20, L_000002264e5058b0, C4<1>, C4<1>;
L_000002264e505ca0 .functor NOT 1, L_000002264e503660, C4<0>, C4<0>, C4<0>;
L_000002264e505d10 .functor AND 1, L_000002264e505ca0, L_000002264e503ac0, C4<1>, C4<1>;
L_000002264e505ed0 .functor AND 1, L_000002264e503ca0, L_000002264e504ec0, C4<1>, C4<1>;
o000002264e4b7f28 .functor BUFZ 2, C4<zz>; HiZ drive
v000002264e4a70e0_0 .net "A", 1 0, o000002264e4b7f28;  0 drivers
v000002264e4a75e0_0 .net "Y", 3 0, L_000002264e5046a0;  1 drivers
v000002264e4a7540_0 .net *"_ivl_10", 0 0, L_000002264e505840;  1 drivers
v000002264e4a7720_0 .net *"_ivl_15", 0 0, L_000002264e503f20;  1 drivers
v000002264e4a7180_0 .net *"_ivl_17", 0 0, L_000002264e503160;  1 drivers
v000002264e4a7220_0 .net *"_ivl_18", 0 0, L_000002264e5058b0;  1 drivers
v000002264e4a7680_0 .net *"_ivl_20", 0 0, L_000002264e505c30;  1 drivers
v000002264e4a72c0_0 .net *"_ivl_25", 0 0, L_000002264e503660;  1 drivers
v000002264e504b00_0 .net *"_ivl_26", 0 0, L_000002264e505ca0;  1 drivers
v000002264e504d80_0 .net *"_ivl_29", 0 0, L_000002264e503ac0;  1 drivers
v000002264e503200_0 .net *"_ivl_3", 0 0, L_000002264e503480;  1 drivers
v000002264e503700_0 .net *"_ivl_30", 0 0, L_000002264e505d10;  1 drivers
v000002264e503c00_0 .net *"_ivl_36", 0 0, L_000002264e503ca0;  1 drivers
v000002264e5037a0_0 .net *"_ivl_38", 0 0, L_000002264e504ec0;  1 drivers
v000002264e5044c0_0 .net *"_ivl_39", 0 0, L_000002264e505ed0;  1 drivers
v000002264e5038e0_0 .net *"_ivl_4", 0 0, L_000002264e39cbf0;  1 drivers
v000002264e5042e0_0 .net *"_ivl_7", 0 0, L_000002264e503b60;  1 drivers
v000002264e503840_0 .net *"_ivl_8", 0 0, L_000002264e505bc0;  1 drivers
L_000002264e503480 .part o000002264e4b7f28, 0, 1;
L_000002264e503b60 .part o000002264e4b7f28, 1, 1;
L_000002264e503f20 .part o000002264e4b7f28, 0, 1;
L_000002264e503160 .part o000002264e4b7f28, 1, 1;
L_000002264e503660 .part o000002264e4b7f28, 0, 1;
L_000002264e503ac0 .part o000002264e4b7f28, 1, 1;
L_000002264e5046a0 .concat8 [ 1 1 1 1], L_000002264e505840, L_000002264e505c30, L_000002264e505d10, L_000002264e505ed0;
L_000002264e503ca0 .part o000002264e4b7f28, 0, 1;
L_000002264e504ec0 .part o000002264e4b7f28, 1, 1;
S_000002264e39e260 .scope module, "testbench" "testbench" 3 4;
 .timescale -9 -9;
v000002264e503a20_0 .var "A", 1 0;
v000002264e5047e0_0 .net "Y", 3 0, v000002264e503d40_0;  1 drivers
S_000002264e39e500 .scope module, "uut" "decoder_2_to_4_2" 3 8, 2 8 0, S_000002264e39e260;
 .timescale -9 -9;
    .port_info 0 /INPUT 2 "A";
    .port_info 1 /OUTPUT 4 "Y";
v000002264e503980_0 .net "A", 1 0, v000002264e503a20_0;  1 drivers
v000002264e503d40_0 .var "Y", 3 0;
E_000002264e398f60 .event anyedge, v000002264e503980_0;
    .scope S_000002264e39e500;
T_0 ;
    %wait E_000002264e398f60;
    %load/vec4 v000002264e503980_0;
    %dup/vec4;
    %pushi/vec4 0, 0, 2;
    %cmp/u;
    %jmp/1 T_0.0, 6;
    %dup/vec4;
    %pushi/vec4 1, 0, 2;
    %cmp/u;
    %jmp/1 T_0.1, 6;
    %dup/vec4;
    %pushi/vec4 2, 0, 2;
    %cmp/u;
    %jmp/1 T_0.2, 6;
    %dup/vec4;
    %pushi/vec4 3, 0, 2;
    %cmp/u;
    %jmp/1 T_0.3, 6;
    %pushi/vec4 0, 0, 4;
    %store/vec4 v000002264e503d40_0, 0, 4;
    %jmp T_0.5;
T_0.0 ;
    %pushi/vec4 1, 0, 4;
    %store/vec4 v000002264e503d40_0, 0, 4;
    %jmp T_0.5;
T_0.1 ;
    %pushi/vec4 2, 0, 4;
    %store/vec4 v000002264e503d40_0, 0, 4;
    %jmp T_0.5;
T_0.2 ;
    %pushi/vec4 4, 0, 4;
    %store/vec4 v000002264e503d40_0, 0, 4;
    %jmp T_0.5;
T_0.3 ;
    %pushi/vec4 8, 0, 4;
    %store/vec4 v000002264e503d40_0, 0, 4;
    %jmp T_0.5;
T_0.5 ;
    %pop/vec4 1;
    %jmp T_0;
    .thread T_0, $push;
    .scope S_000002264e39e260;
T_1 ;
    %vpi_call 3 11 "$monitor", "A = %b, Y = %b", v000002264e503a20_0, v000002264e5047e0_0 {0 0 0};
    %pushi/vec4 0, 0, 2;
    %store/vec4 v000002264e503a20_0, 0, 2;
    %delay 10, 0;
    %pushi/vec4 1, 0, 2;
    %store/vec4 v000002264e503a20_0, 0, 2;
    %delay 10, 0;
    %pushi/vec4 2, 0, 2;
    %store/vec4 v000002264e503a20_0, 0, 2;
    %delay 10, 0;
    %pushi/vec4 3, 0, 2;
    %store/vec4 v000002264e503a20_0, 0, 2;
    %delay 10, 0;
    %vpi_call 3 16 "$finish" {0 0 0};
    %end;
    .thread T_1;
# The file index is used to find the file name in the following table.
:file_names 4;
    "N/A";
    "<interactive>";
    "./2_to_4_decoder.v";
    "2_to_4_decoder_tb.v";
