#! /c/Source/iverilog-install/bin/vvp
:ivl_version "12.0 (devel)" "(s20150603-1539-g2693dd32b)";
:ivl_delay_selection "TYPICAL";
:vpi_time_precision - 9;
:vpi_module "C:\iverilog\lib\ivl\system.vpi";
:vpi_module "C:\iverilog\lib\ivl\vhdl_sys.vpi";
:vpi_module "C:\iverilog\lib\ivl\vhdl_textio.vpi";
:vpi_module "C:\iverilog\lib\ivl\v2005_math.vpi";
:vpi_module "C:\iverilog\lib\ivl\va_math.vpi";
S_00000250ba108600 .scope module, "testbench" "testbench" 2 4;
 .timescale -9 -9;
v00000250ba10c1d0_0 .var "a", 2 0;
v00000250ba10c270_0 .net "y", 7 0, v00000250ba10c130_0;  1 drivers
S_00000250ba1f3380 .scope module, "uut" "decoder_3_to_8" 2 8, 3 1 0, S_00000250ba108600;
 .timescale -9 -9;
    .port_info 0 /INPUT 3 "a";
    .port_info 1 /OUTPUT 8 "y";
v00000250ba1f3b70_0 .net "a", 2 0, v00000250ba10c1d0_0;  1 drivers
v00000250ba10c130_0 .var "y", 7 0;
E_00000250ba10a700 .event anyedge, v00000250ba1f3b70_0;
    .scope S_00000250ba1f3380;
T_0 ;
    %wait E_00000250ba10a700;
    %load/vec4 v00000250ba1f3b70_0;
    %dup/vec4;
    %pushi/vec4 0, 0, 3;
    %cmp/u;
    %jmp/1 T_0.0, 6;
    %dup/vec4;
    %pushi/vec4 1, 0, 3;
    %cmp/u;
    %jmp/1 T_0.1, 6;
    %dup/vec4;
    %pushi/vec4 2, 0, 3;
    %cmp/u;
    %jmp/1 T_0.2, 6;
    %dup/vec4;
    %pushi/vec4 3, 0, 3;
    %cmp/u;
    %jmp/1 T_0.3, 6;
    %dup/vec4;
    %pushi/vec4 4, 0, 3;
    %cmp/u;
    %jmp/1 T_0.4, 6;
    %dup/vec4;
    %pushi/vec4 5, 0, 3;
    %cmp/u;
    %jmp/1 T_0.5, 6;
    %dup/vec4;
    %pushi/vec4 6, 0, 3;
    %cmp/u;
    %jmp/1 T_0.6, 6;
    %dup/vec4;
    %pushi/vec4 7, 0, 3;
    %cmp/u;
    %jmp/1 T_0.7, 6;
    %pushi/vec4 255, 255, 8;
    %store/vec4 v00000250ba10c130_0, 0, 8;
    %jmp T_0.9;
T_0.0 ;
    %pushi/vec4 1, 0, 8;
    %store/vec4 v00000250ba10c130_0, 0, 8;
    %jmp T_0.9;
T_0.1 ;
    %pushi/vec4 2, 0, 8;
    %store/vec4 v00000250ba10c130_0, 0, 8;
    %jmp T_0.9;
T_0.2 ;
    %pushi/vec4 4, 0, 8;
    %store/vec4 v00000250ba10c130_0, 0, 8;
    %jmp T_0.9;
T_0.3 ;
    %pushi/vec4 8, 0, 8;
    %store/vec4 v00000250ba10c130_0, 0, 8;
    %jmp T_0.9;
T_0.4 ;
    %pushi/vec4 16, 0, 8;
    %store/vec4 v00000250ba10c130_0, 0, 8;
    %jmp T_0.9;
T_0.5 ;
    %pushi/vec4 32, 0, 8;
    %store/vec4 v00000250ba10c130_0, 0, 8;
    %jmp T_0.9;
T_0.6 ;
    %pushi/vec4 64, 0, 8;
    %store/vec4 v00000250ba10c130_0, 0, 8;
    %jmp T_0.9;
T_0.7 ;
    %pushi/vec4 128, 0, 8;
    %store/vec4 v00000250ba10c130_0, 0, 8;
    %jmp T_0.9;
T_0.9 ;
    %pop/vec4 1;
    %jmp T_0;
    .thread T_0, $push;
    .scope S_00000250ba108600;
T_1 ;
    %vpi_call 2 10 "$monitor", "a = %b, y = %b", v00000250ba10c1d0_0, v00000250ba10c270_0 {0 0 0};
    %pushi/vec4 0, 0, 3;
    %store/vec4 v00000250ba10c1d0_0, 0, 3;
    %delay 10, 0;
    %pushi/vec4 1, 0, 3;
    %store/vec4 v00000250ba10c1d0_0, 0, 3;
    %delay 10, 0;
    %pushi/vec4 1, 0, 3;
    %store/vec4 v00000250ba10c1d0_0, 0, 3;
    %delay 10, 0;
    %pushi/vec4 3, 0, 3;
    %store/vec4 v00000250ba10c1d0_0, 0, 3;
    %delay 10, 0;
    %pushi/vec4 4, 0, 3;
    %store/vec4 v00000250ba10c1d0_0, 0, 3;
    %delay 10, 0;
    %pushi/vec4 5, 0, 3;
    %store/vec4 v00000250ba10c1d0_0, 0, 3;
    %delay 10, 0;
    %pushi/vec4 6, 0, 3;
    %store/vec4 v00000250ba10c1d0_0, 0, 3;
    %delay 10, 0;
    %pushi/vec4 7, 0, 3;
    %store/vec4 v00000250ba10c1d0_0, 0, 3;
    %delay 10, 0;
    %vpi_call 2 19 "$finish" {0 0 0};
    %end;
    .thread T_1;
# The file index is used to find the file name in the following table.
:file_names 4;
    "N/A";
    "<interactive>";
    "3_to_8_decoder_tb.v";
    "./3_to_8_decoder.v";
