#! /c/Source/iverilog-install/bin/vvp
:ivl_version "12.0 (devel)" "(s20150603-1539-g2693dd32b)";
:ivl_delay_selection "TYPICAL";
:vpi_time_precision + 0;
:vpi_module "C:\iverilog\lib\ivl\system.vpi";
:vpi_module "C:\iverilog\lib\ivl\vhdl_sys.vpi";
:vpi_module "C:\iverilog\lib\ivl\vhdl_textio.vpi";
:vpi_module "C:\iverilog\lib\ivl\v2005_math.vpi";
:vpi_module "C:\iverilog\lib\ivl\va_math.vpi";
S_00000247918d3410 .scope module, "register_array" "register_array" 2 1;
 .timescale 0 0;
v00000247918d35a0_0 .var/i "i", 31 0;
v00000247918d3640 .array "registers", 15 0, 7 0;
    .scope S_00000247918d3410;
T_0 ;
    %pushi/vec4 0, 0, 32;
    %store/vec4 v00000247918d35a0_0, 0, 32;
T_0.0 ;
    %load/vec4 v00000247918d35a0_0;
    %cmpi/s 16, 0, 32;
    %jmp/0xz T_0.1, 5;
    %pushi/vec4 255, 0, 8;
    %ix/getv/s 4, v00000247918d35a0_0;
    %store/vec4a v00000247918d3640, 4, 0;
    %load/vec4 v00000247918d35a0_0;
    %addi 1, 0, 32;
    %store/vec4 v00000247918d35a0_0, 0, 32;
    %jmp T_0.0;
T_0.1 ;
    %end;
    .thread T_0;
# The file index is used to find the file name in the following table.
:file_names 3;
    "N/A";
    "<interactive>";
    "for_loop_register_initialization.v";
