#! /c/Source/iverilog-install/bin/vvp
:ivl_version "12.0 (devel)" "(s20150603-1539-g2693dd32b)";
:ivl_delay_selection "TYPICAL";
:vpi_time_precision + 0;
:vpi_module "C:\iverilog\lib\ivl\system.vpi";
:vpi_module "C:\iverilog\lib\ivl\vhdl_sys.vpi";
:vpi_module "C:\iverilog\lib\ivl\vhdl_textio.vpi";
:vpi_module "C:\iverilog\lib\ivl\v2005_math.vpi";
:vpi_module "C:\iverilog\lib\ivl\va_math.vpi";
S_000001f2c6d83340 .scope module, "pulse_generator" "pulse_generator" 2 1;
 .timescale 0 0;
v000001f2c6d6ef30_0 .var "clk", 0 0;
v000001f2c6d6be80_0 .var/i "count", 31 0;
S_000001f2c6d834d0 .scope begin, "forever_block" "forever_block" 2 5, 2 5 0, S_000001f2c6d83340;
 .timescale 0 0;
    .scope S_000001f2c6d83340;
T_0 ;
    %pushi/vec4 0, 0, 32;
    %store/vec4 v000001f2c6d6be80_0, 0, 32;
    %end;
    .thread T_0;
    .scope S_000001f2c6d83340;
T_1 ;
    %fork t_1, S_000001f2c6d834d0;
    %jmp t_0;
    .scope S_000001f2c6d834d0;
t_1 ;
    %pushi/vec4 0, 0, 1;
    %store/vec4 v000001f2c6d6ef30_0, 0, 1;
T_1.0 ;
    %delay 5, 0;
    %load/vec4 v000001f2c6d6ef30_0;
    %inv;
    %store/vec4 v000001f2c6d6ef30_0, 0, 1;
    %load/vec4 v000001f2c6d6be80_0;
    %addi 1, 0, 32;
    %store/vec4 v000001f2c6d6be80_0, 0, 32;
    %load/vec4 v000001f2c6d6be80_0;
    %cmpi/e 1, 0, 32;
    %jmp/0xz  T_1.1, 4;
    %disable S_000001f2c6d834d0;
T_1.1 ;
    %jmp T_1.0;
    %end;
    .scope S_000001f2c6d83340;
t_0 %join;
    %end;
    .thread T_1;
    .scope S_000001f2c6d83340;
T_2 ;
    %vpi_call 2 15 "$display", "clk = %b", v000001f2c6d6ef30_0 {0 0 0};
    %delay 5, 0;
    %vpi_call 2 16 "$display", "clk = %b", v000001f2c6d6ef30_0 {0 0 0};
    %delay 5, 0;
    %vpi_call 2 17 "$display", "clk = %b", v000001f2c6d6ef30_0 {0 0 0};
    %delay 5, 0;
    %vpi_call 2 18 "$display", "clk = %b", v000001f2c6d6ef30_0 {0 0 0};
    %delay 5, 0;
    %vpi_call 2 19 "$display", "clk = %b", v000001f2c6d6ef30_0 {0 0 0};
    %delay 5, 0;
    %vpi_call 2 20 "$display", "clk = %b", v000001f2c6d6ef30_0 {0 0 0};
    %delay 5, 0;
    %end;
    .thread T_2;
# The file index is used to find the file name in the following table.
:file_names 3;
    "N/A";
    "<interactive>";
    "pulse_generator.v";
