#! /c/Source/iverilog-install/bin/vvp
:ivl_version "12.0 (devel)" "(s20150603-1539-g2693dd32b)";
:ivl_delay_selection "TYPICAL";
:vpi_time_precision + 0;
:vpi_module "C:\iverilog\lib\ivl\system.vpi";
:vpi_module "C:\iverilog\lib\ivl\vhdl_sys.vpi";
:vpi_module "C:\iverilog\lib\ivl\vhdl_textio.vpi";
:vpi_module "C:\iverilog\lib\ivl\v2005_math.vpi";
:vpi_module "C:\iverilog\lib\ivl\va_math.vpi";
S_0000019d795d6d10 .scope module, "while_loop" "while_loop" 2 1;
 .timescale 0 0;
v0000019d795d6ea0_0 .var/i "count", 31 0;
    .scope S_0000019d795d6d10;
T_0 ;
    %pushi/vec4 0, 0, 32;
    %store/vec4 v0000019d795d6ea0_0, 0, 32;
    %end;
    .thread T_0;
    .scope S_0000019d795d6d10;
T_1 ;
T_1.0 ;
    %load/vec4 v0000019d795d6ea0_0;
    %cmpi/s 5, 0, 32;
    %jmp/0xz T_1.1, 5;
    %vpi_call 2 5 "$display", "count = %0d", v0000019d795d6ea0_0 {0 0 0};
    %load/vec4 v0000019d795d6ea0_0;
    %addi 1, 0, 32;
    %store/vec4 v0000019d795d6ea0_0, 0, 32;
    %jmp T_1.0;
T_1.1 ;
    %end;
    .thread T_1;
# The file index is used to find the file name in the following table.
:file_names 3;
    "N/A";
    "<interactive>";
    "while_loop.v";
