#! /c/Source/iverilog-install/bin/vvp
:ivl_version "12.0 (devel)" "(s20150603-1539-g2693dd32b)";
:ivl_delay_selection "TYPICAL";
:vpi_time_precision - 9;
:vpi_module "C:\iverilog\lib\ivl\system.vpi";
:vpi_module "C:\iverilog\lib\ivl\vhdl_sys.vpi";
:vpi_module "C:\iverilog\lib\ivl\vhdl_textio.vpi";
:vpi_module "C:\iverilog\lib\ivl\v2005_math.vpi";
:vpi_module "C:\iverilog\lib\ivl\va_math.vpi";
S_0000025eb16bbe40 .scope module, "testbench" "testbench" 2 4;
 .timescale -9 -9;
v0000025eb16b68e0_0 .var "clk", 0 0;
v0000025eb16b6980_0 .net "q", 1 0, v0000025eb16b9420_0;  1 drivers
v0000025eb16b6a20_0 .var "reset", 0 0;
S_0000025eb16b91f0 .scope module, "uut" "counter_2_bit" 2 8, 3 1 0, S_0000025eb16bbe40;
 .timescale -9 -9;
    .port_info 0 /INPUT 1 "clk";
    .port_info 1 /INPUT 1 "reset";
    .port_info 2 /OUTPUT 2 "q";
v0000025eb16b9380_0 .net "clk", 0 0, v0000025eb16b68e0_0;  1 drivers
v0000025eb16b9420_0 .var "q", 1 0;
v0000025eb16b94c0_0 .net "reset", 0 0, v0000025eb16b6a20_0;  1 drivers
E_0000025eb16ba820 .event posedge, v0000025eb16b94c0_0, v0000025eb16b9380_0;
    .scope S_0000025eb16b91f0;
T_0 ;
    %wait E_0000025eb16ba820;
    %load/vec4 v0000025eb16b94c0_0;
    %flag_set/vec4 8;
    %jmp/0xz  T_0.0, 8;
    %pushi/vec4 0, 0, 2;
    %assign/vec4 v0000025eb16b9420_0, 0;
    %jmp T_0.1;
T_0.0 ;
    %load/vec4 v0000025eb16b9420_0;
    %addi 1, 0, 2;
    %assign/vec4 v0000025eb16b9420_0, 0;
T_0.1 ;
    %jmp T_0;
    .thread T_0;
    .scope S_0000025eb16bbe40;
T_1 ;
    %vpi_call 2 10 "$monitor", "clk = %b, reset = %b, q = %d", v0000025eb16b68e0_0, v0000025eb16b6a20_0, v0000025eb16b6980_0 {0 0 0};
    %pushi/vec4 0, 0, 1;
    %store/vec4 v0000025eb16b68e0_0, 0, 1;
    %pushi/vec4 1, 0, 1;
    %store/vec4 v0000025eb16b6a20_0, 0, 1;
    %delay 10, 0;
    %pushi/vec4 1, 0, 1;
    %store/vec4 v0000025eb16b68e0_0, 0, 1;
    %pushi/vec4 0, 0, 1;
    %store/vec4 v0000025eb16b6a20_0, 0, 1;
    %delay 10, 0;
    %pushi/vec4 0, 0, 1;
    %store/vec4 v0000025eb16b68e0_0, 0, 1;
    %pushi/vec4 0, 0, 1;
    %store/vec4 v0000025eb16b6a20_0, 0, 1;
    %delay 10, 0;
    %pushi/vec4 1, 0, 1;
    %store/vec4 v0000025eb16b68e0_0, 0, 1;
    %pushi/vec4 0, 0, 1;
    %store/vec4 v0000025eb16b6a20_0, 0, 1;
    %delay 10, 0;
    %pushi/vec4 0, 0, 1;
    %store/vec4 v0000025eb16b68e0_0, 0, 1;
    %pushi/vec4 0, 0, 1;
    %store/vec4 v0000025eb16b6a20_0, 0, 1;
    %delay 10, 0;
    %pushi/vec4 1, 0, 1;
    %store/vec4 v0000025eb16b68e0_0, 0, 1;
    %pushi/vec4 0, 0, 1;
    %store/vec4 v0000025eb16b6a20_0, 0, 1;
    %delay 10, 0;
    %pushi/vec4 0, 0, 1;
    %store/vec4 v0000025eb16b68e0_0, 0, 1;
    %pushi/vec4 0, 0, 1;
    %store/vec4 v0000025eb16b6a20_0, 0, 1;
    %delay 10, 0;
    %pushi/vec4 1, 0, 1;
    %store/vec4 v0000025eb16b68e0_0, 0, 1;
    %pushi/vec4 0, 0, 1;
    %store/vec4 v0000025eb16b6a20_0, 0, 1;
    %delay 10, 0;
    %vpi_call 2 19 "$finish" {0 0 0};
    %end;
    .thread T_1;
# The file index is used to find the file name in the following table.
:file_names 4;
    "N/A";
    "<interactive>";
    "2_bit_bin_cou_tb.v";
    "./2_bit_bin_cou.v";
