#! /c/Source/iverilog-install/bin/vvp
:ivl_version "12.0 (devel)" "(s20150603-1539-g2693dd32b)";
:ivl_delay_selection "TYPICAL";
:vpi_time_precision - 9;
:vpi_module "C:\iverilog\lib\ivl\system.vpi";
:vpi_module "C:\iverilog\lib\ivl\vhdl_sys.vpi";
:vpi_module "C:\iverilog\lib\ivl\vhdl_textio.vpi";
:vpi_module "C:\iverilog\lib\ivl\v2005_math.vpi";
:vpi_module "C:\iverilog\lib\ivl\va_math.vpi";
S_0000019737ee6380 .scope module, "testbench" "testbench" 2 4;
 .timescale -9 -9;
v0000019737e9b950_0 .net "Q", 2 0, v0000019737eb3b70_0;  1 drivers
v0000019737e9b9f0_0 .var "clk", 0 0;
v0000019737e9ba90_0 .var "enable", 0 0;
v0000019737e9bb30_0 .var "reset", 0 0;
S_0000019737ee6510 .scope module, "uut" "bin_cou_n_bit" 2 10, 3 1 0, S_0000019737ee6380;
 .timescale -9 -9;
    .port_info 0 /INPUT 1 "clk";
    .port_info 1 /INPUT 1 "reset";
    .port_info 2 /INPUT 1 "enable";
    .port_info 3 /OUTPUT 3 "Q";
P_0000019737e99be0 .param/l "n" 0 3 1, +C4<00000000000000000000000000000011>;
v0000019737eb3b70_0 .var "Q", 2 0;
v0000019737eb3780_0 .net "clk", 0 0, v0000019737e9b9f0_0;  1 drivers
v0000019737e9b810_0 .net "enable", 0 0, v0000019737e9ba90_0;  1 drivers
v0000019737e9b8b0_0 .net "reset", 0 0, v0000019737e9bb30_0;  1 drivers
E_0000019737e99d20 .event posedge, v0000019737e9b8b0_0, v0000019737eb3780_0;
    .scope S_0000019737ee6510;
T_0 ;
    %wait E_0000019737e99d20;
    %load/vec4 v0000019737e9b8b0_0;
    %flag_set/vec4 8;
    %jmp/0xz  T_0.0, 8;
    %pushi/vec4 0, 0, 3;
    %assign/vec4 v0000019737eb3b70_0, 0;
    %jmp T_0.1;
T_0.0 ;
    %load/vec4 v0000019737e9b810_0;
    %flag_set/vec4 8;
    %jmp/0xz  T_0.2, 8;
    %load/vec4 v0000019737eb3b70_0;
    %addi 1, 0, 3;
    %assign/vec4 v0000019737eb3b70_0, 0;
T_0.2 ;
T_0.1 ;
    %jmp T_0;
    .thread T_0;
    .scope S_0000019737ee6380;
T_1 ;
    %delay 5, 0;
    %load/vec4 v0000019737e9b9f0_0;
    %inv;
    %store/vec4 v0000019737e9b9f0_0, 0, 1;
    %jmp T_1;
    .thread T_1;
    .scope S_0000019737ee6380;
T_2 ;
    %vpi_call 2 13 "$monitor", "clk = %b, reset = %b, enable = %b, Q = %b", v0000019737e9b9f0_0, v0000019737e9bb30_0, v0000019737e9ba90_0, v0000019737e9b950_0 {0 0 0};
    %pushi/vec4 0, 0, 1;
    %store/vec4 v0000019737e9b9f0_0, 0, 1;
    %pushi/vec4 1, 0, 1;
    %store/vec4 v0000019737e9bb30_0, 0, 1;
    %pushi/vec4 1, 0, 1;
    %store/vec4 v0000019737e9ba90_0, 0, 1;
    %delay 10, 0;
    %pushi/vec4 0, 0, 1;
    %store/vec4 v0000019737e9bb30_0, 0, 1;
    %pushi/vec4 1, 0, 1;
    %store/vec4 v0000019737e9ba90_0, 0, 1;
    %delay 10, 0;
    %pushi/vec4 0, 0, 1;
    %store/vec4 v0000019737e9bb30_0, 0, 1;
    %pushi/vec4 0, 0, 1;
    %store/vec4 v0000019737e9ba90_0, 0, 1;
    %delay 10, 0;
    %pushi/vec4 0, 0, 1;
    %store/vec4 v0000019737e9bb30_0, 0, 1;
    %pushi/vec4 1, 0, 1;
    %store/vec4 v0000019737e9ba90_0, 0, 1;
    %delay 10, 0;
    %pushi/vec4 0, 0, 1;
    %store/vec4 v0000019737e9bb30_0, 0, 1;
    %pushi/vec4 0, 0, 1;
    %store/vec4 v0000019737e9ba90_0, 0, 1;
    %delay 10, 0;
    %vpi_call 2 20 "$finish" {0 0 0};
    %end;
    .thread T_2;
# The file index is used to find the file name in the following table.
:file_names 4;
    "N/A";
    "<interactive>";
    "3_bit_bin_cou_tb.v";
    "./3_bit_bin_cou.v";
