#! /c/Source/iverilog-install/bin/vvp
:ivl_version "12.0 (devel)" "(s20150603-1539-g2693dd32b)";
:ivl_delay_selection "TYPICAL";
:vpi_time_precision - 9;
:vpi_module "C:\iverilog\lib\ivl\system.vpi";
:vpi_module "C:\iverilog\lib\ivl\vhdl_sys.vpi";
:vpi_module "C:\iverilog\lib\ivl\vhdl_textio.vpi";
:vpi_module "C:\iverilog\lib\ivl\v2005_math.vpi";
:vpi_module "C:\iverilog\lib\ivl\va_math.vpi";
S_00000272862abc70 .scope module, "testbench" "testbench" 2 4;
 .timescale -9 -9;
v00000272863934c0_0 .var "clk", 0 0;
v0000027286393560_0 .net "counter", 7 0, v00000272862aa750_0;  1 drivers
v0000027286393600_0 .var "enable", 0 0;
v00000272863936a0_0 .var "reset", 0 0;
S_00000272862abe00 .scope module, "uut" "counter_8_bit" 2 15, 3 1 0, S_00000272862abc70;
 .timescale -9 -9;
    .port_info 0 /INPUT 1 "clk";
    .port_info 1 /INPUT 1 "reset";
    .port_info 2 /INPUT 1 "enable";
    .port_info 3 /OUTPUT 8 "counter";
v0000027286393a00_0 .net "clk", 0 0, v00000272863934c0_0;  1 drivers
v00000272862aa750_0 .var "counter", 7 0;
v0000027286393380_0 .net "enable", 0 0, v0000027286393600_0;  1 drivers
v0000027286393420_0 .net "reset", 0 0, v00000272863936a0_0;  1 drivers
E_00000272862ab630 .event posedge, v0000027286393420_0, v0000027286393a00_0;
    .scope S_00000272862abe00;
T_0 ;
    %wait E_00000272862ab630;
    %load/vec4 v0000027286393420_0;
    %flag_set/vec4 8;
    %jmp/0xz  T_0.0, 8;
    %pushi/vec4 0, 0, 8;
    %assign/vec4 v00000272862aa750_0, 0;
    %jmp T_0.1;
T_0.0 ;
    %load/vec4 v0000027286393380_0;
    %flag_set/vec4 8;
    %jmp/0xz  T_0.2, 8;
    %load/vec4 v00000272862aa750_0;
    %addi 1, 0, 8;
    %assign/vec4 v00000272862aa750_0, 0;
T_0.2 ;
T_0.1 ;
    %jmp T_0;
    .thread T_0;
    .scope S_00000272862abc70;
T_1 ;
    %pushi/vec4 0, 0, 1;
    %store/vec4 v00000272863934c0_0, 0, 1;
    %pushi/vec4 0, 0, 1;
    %store/vec4 v00000272863936a0_0, 0, 1;
    %end;
    .thread T_1;
    .scope S_00000272862abc70;
T_2 ;
    %delay 5, 0;
    %load/vec4 v00000272863934c0_0;
    %inv;
    %store/vec4 v00000272863934c0_0, 0, 1;
    %jmp T_2;
    .thread T_2;
    .scope S_00000272862abc70;
T_3 ;
    %vpi_call 2 18 "$monitor", "clk = %b, reset = %b, enable = %b, counter = %0d", v00000272863934c0_0, v00000272863936a0_0, v0000027286393600_0, v0000027286393560_0 {0 0 0};
    %pushi/vec4 1, 0, 1;
    %store/vec4 v00000272863936a0_0, 0, 1;
    %pushi/vec4 1, 0, 1;
    %store/vec4 v0000027286393600_0, 0, 1;
    %delay 10, 0;
    %pushi/vec4 0, 0, 1;
    %store/vec4 v00000272863936a0_0, 0, 1;
    %pushi/vec4 1, 0, 1;
    %store/vec4 v0000027286393600_0, 0, 1;
    %delay 10, 0;
    %pushi/vec4 0, 0, 1;
    %store/vec4 v00000272863936a0_0, 0, 1;
    %pushi/vec4 1, 0, 1;
    %store/vec4 v0000027286393600_0, 0, 1;
    %delay 10, 0;
    %pushi/vec4 0, 0, 1;
    %store/vec4 v00000272863936a0_0, 0, 1;
    %pushi/vec4 0, 0, 1;
    %store/vec4 v0000027286393600_0, 0, 1;
    %delay 10, 0;
    %pushi/vec4 1, 0, 1;
    %store/vec4 v00000272863936a0_0, 0, 1;
    %pushi/vec4 1, 0, 1;
    %store/vec4 v0000027286393600_0, 0, 1;
    %delay 10, 0;
    %vpi_call 2 24 "$finish" {0 0 0};
    %end;
    .thread T_3;
# The file index is used to find the file name in the following table.
:file_names 4;
    "N/A";
    "<interactive>";
    "8_bit_cou_tb.v";
    "./8_bit_cou.v";
