#! /c/Source/iverilog-install/bin/vvp
:ivl_version "12.0 (devel)" "(s20150603-1539-g2693dd32b)";
:ivl_delay_selection "TYPICAL";
:vpi_time_precision - 9;
:vpi_module "C:\iverilog\lib\ivl\system.vpi";
:vpi_module "C:\iverilog\lib\ivl\vhdl_sys.vpi";
:vpi_module "C:\iverilog\lib\ivl\vhdl_textio.vpi";
:vpi_module "C:\iverilog\lib\ivl\v2005_math.vpi";
:vpi_module "C:\iverilog\lib\ivl\va_math.vpi";
S_000001ea7c726290 .scope module, "testbench" "testbench" 2 4;
 .timescale -9 -9;
v000001ea7c6db940_0 .var "clk", 0 0;
v000001ea7c6db9e0_0 .net "counter", 5 0, v000001ea7c6f3760_0;  1 drivers
v000001ea7c6dba80_0 .var "reset", 0 0;
S_000001ea7c726420 .scope module, "uut" "modulo_n_counter" 2 15, 3 1 0, S_000001ea7c726290;
 .timescale -9 -9;
    .port_info 0 /INPUT 1 "clk";
    .port_info 1 /INPUT 1 "reset";
    .port_info 2 /OUTPUT 6 "counter";
P_000001ea7c6f3be0 .param/l "n" 0 3 1, +C4<00000000000000000000000000000110>;
P_000001ea7c6f3c18 .param/l "size" 0 3 1, +C4<00000000000000000000000000000110>;
v000001ea7c6f3950_0 .net "clk", 0 0, v000001ea7c6db940_0;  1 drivers
v000001ea7c6f3760_0 .var "counter", 5 0;
v000001ea7c6db8a0_0 .net "reset", 0 0, v000001ea7c6dba80_0;  1 drivers
E_000001ea7c6d82b0 .event posedge, v000001ea7c6db8a0_0, v000001ea7c6f3950_0;
    .scope S_000001ea7c726420;
T_0 ;
    %wait E_000001ea7c6d82b0;
    %load/vec4 v000001ea7c6db8a0_0;
    %flag_set/vec4 8;
    %jmp/1 T_0.2, 8;
    %load/vec4 v000001ea7c6f3760_0;
    %pad/u 32;
    %cmpi/e 5, 0, 32;
    %flag_or 8, 4;
T_0.2;
    %jmp/0xz  T_0.0, 8;
    %pushi/vec4 0, 0, 6;
    %assign/vec4 v000001ea7c6f3760_0, 0;
    %jmp T_0.1;
T_0.0 ;
    %load/vec4 v000001ea7c6f3760_0;
    %addi 1, 0, 6;
    %assign/vec4 v000001ea7c6f3760_0, 0;
T_0.1 ;
    %jmp T_0;
    .thread T_0;
    .scope S_000001ea7c726290;
T_1 ;
    %pushi/vec4 0, 0, 1;
    %store/vec4 v000001ea7c6db940_0, 0, 1;
    %pushi/vec4 0, 0, 1;
    %store/vec4 v000001ea7c6dba80_0, 0, 1;
    %end;
    .thread T_1;
    .scope S_000001ea7c726290;
T_2 ;
    %delay 5, 0;
    %load/vec4 v000001ea7c6db940_0;
    %inv;
    %store/vec4 v000001ea7c6db940_0, 0, 1;
    %jmp T_2;
    .thread T_2;
    .scope S_000001ea7c726290;
T_3 ;
    %vpi_call 2 18 "$monitor", "clk = %b, reset = %b, counter = %b", v000001ea7c6db940_0, v000001ea7c6dba80_0, v000001ea7c6db9e0_0 {0 0 0};
    %pushi/vec4 1, 0, 1;
    %store/vec4 v000001ea7c6dba80_0, 0, 1;
    %delay 10, 0;
    %pushi/vec4 0, 0, 1;
    %store/vec4 v000001ea7c6dba80_0, 0, 1;
    %delay 10, 0;
    %pushi/vec4 0, 0, 1;
    %store/vec4 v000001ea7c6dba80_0, 0, 1;
    %delay 10, 0;
    %pushi/vec4 0, 0, 1;
    %store/vec4 v000001ea7c6dba80_0, 0, 1;
    %delay 10, 0;
    %pushi/vec4 0, 0, 1;
    %store/vec4 v000001ea7c6dba80_0, 0, 1;
    %delay 10, 0;
    %pushi/vec4 0, 0, 1;
    %store/vec4 v000001ea7c6dba80_0, 0, 1;
    %delay 10, 0;
    %pushi/vec4 0, 0, 1;
    %store/vec4 v000001ea7c6dba80_0, 0, 1;
    %delay 10, 0;
    %pushi/vec4 1, 0, 1;
    %store/vec4 v000001ea7c6dba80_0, 0, 1;
    %delay 10, 0;
    %pushi/vec4 0, 0, 1;
    %store/vec4 v000001ea7c6dba80_0, 0, 1;
    %delay 10, 0;
    %vpi_call 2 28 "$finish" {0 0 0};
    %end;
    .thread T_3;
# The file index is used to find the file name in the following table.
:file_names 4;
    "N/A";
    "<interactive>";
    "modulo_N_counter_tb.v";
    "./modulo_n_counter.v";
