#! /c/Source/iverilog-install/bin/vvp
:ivl_version "12.0 (devel)" "(s20150603-1539-g2693dd32b)";
:ivl_delay_selection "TYPICAL";
:vpi_time_precision - 9;
:vpi_module "C:\iverilog\lib\ivl\system.vpi";
:vpi_module "C:\iverilog\lib\ivl\vhdl_sys.vpi";
:vpi_module "C:\iverilog\lib\ivl\vhdl_textio.vpi";
:vpi_module "C:\iverilog\lib\ivl\v2005_math.vpi";
:vpi_module "C:\iverilog\lib\ivl\va_math.vpi";
S_000001e3273364d0 .scope module, "testbench" "testbench" 2 5;
 .timescale -9 -9;
v000001e3272ebce0_0 .var "clk", 0 0;
v000001e3272ebd80_0 .net "count", 3 0, v000001e327303930_0;  1 drivers
v000001e3272ebe20_0 .var "mode", 0 0;
v000001e3272ebec0_0 .var "reset", 0 0;
S_000001e327336660 .scope module, "uut" "up_down_counter" 2 13, 3 1 0, S_000001e3273364d0;
 .timescale -9 -9;
    .port_info 0 /INPUT 1 "clk";
    .port_info 1 /INPUT 1 "reset";
    .port_info 2 /INPUT 1 "mode";
    .port_info 3 /OUTPUT 4 "count";
P_000001e327339d50 .param/l "size" 0 3 1, +C4<00000000000000000000000000000100>;
v000001e327303b50_0 .net "clk", 0 0, v000001e3272ebce0_0;  1 drivers
v000001e327303930_0 .var "count", 3 0;
v000001e327303760_0 .net "mode", 0 0, v000001e3272ebe20_0;  1 drivers
v000001e3272ebc40_0 .net "reset", 0 0, v000001e3272ebec0_0;  1 drivers
E_000001e327339510 .event posedge, v000001e3272ebc40_0, v000001e327303b50_0;
    .scope S_000001e327336660;
T_0 ;
    %wait E_000001e327339510;
    %load/vec4 v000001e3272ebc40_0;
    %flag_set/vec4 8;
    %jmp/0xz  T_0.0, 8;
    %pushi/vec4 0, 0, 4;
    %store/vec4 v000001e327303930_0, 0, 4;
    %jmp T_0.1;
T_0.0 ;
    %load/vec4 v000001e327303760_0;
    %flag_set/vec4 8;
    %jmp/0xz  T_0.2, 8;
    %load/vec4 v000001e327303930_0;
    %addi 1, 0, 4;
    %store/vec4 v000001e327303930_0, 0, 4;
    %jmp T_0.3;
T_0.2 ;
    %load/vec4 v000001e327303930_0;
    %subi 1, 0, 4;
    %store/vec4 v000001e327303930_0, 0, 4;
T_0.3 ;
T_0.1 ;
    %jmp T_0;
    .thread T_0;
    .scope S_000001e3273364d0;
T_1 ;
    %pushi/vec4 0, 0, 1;
    %store/vec4 v000001e3272ebce0_0, 0, 1;
    %end;
    .thread T_1;
    .scope S_000001e3273364d0;
T_2 ;
    %pushi/vec4 0, 0, 1;
    %store/vec4 v000001e3272ebec0_0, 0, 1;
    %end;
    .thread T_2;
    .scope S_000001e3273364d0;
T_3 ;
    %delay 5, 0;
    %load/vec4 v000001e3272ebce0_0;
    %inv;
    %store/vec4 v000001e3272ebce0_0, 0, 1;
    %jmp T_3;
    .thread T_3;
    .scope S_000001e3273364d0;
T_4 ;
    %vpi_call 2 16 "$monitor", "clk = %b, reset = %b, mode = %b, count = %0d", v000001e3272ebce0_0, v000001e3272ebec0_0, v000001e3272ebe20_0, v000001e3272ebd80_0 {0 0 0};
    %pushi/vec4 1, 0, 1;
    %store/vec4 v000001e3272ebec0_0, 0, 1;
    %pushi/vec4 1, 0, 1;
    %store/vec4 v000001e3272ebe20_0, 0, 1;
    %delay 5, 0;
    %pushi/vec4 0, 0, 1;
    %store/vec4 v000001e3272ebec0_0, 0, 1;
    %pushi/vec4 1, 0, 1;
    %store/vec4 v000001e3272ebe20_0, 0, 1;
    %delay 5, 0;
    %pushi/vec4 0, 0, 1;
    %store/vec4 v000001e3272ebec0_0, 0, 1;
    %pushi/vec4 1, 0, 1;
    %store/vec4 v000001e3272ebe20_0, 0, 1;
    %delay 5, 0;
    %pushi/vec4 0, 0, 1;
    %store/vec4 v000001e3272ebec0_0, 0, 1;
    %pushi/vec4 1, 0, 1;
    %store/vec4 v000001e3272ebe20_0, 0, 1;
    %delay 5, 0;
    %pushi/vec4 0, 0, 1;
    %store/vec4 v000001e3272ebec0_0, 0, 1;
    %pushi/vec4 0, 0, 1;
    %store/vec4 v000001e3272ebe20_0, 0, 1;
    %delay 5, 0;
    %pushi/vec4 0, 0, 1;
    %store/vec4 v000001e3272ebec0_0, 0, 1;
    %pushi/vec4 0, 0, 1;
    %store/vec4 v000001e3272ebe20_0, 0, 1;
    %delay 5, 0;
    %vpi_call 2 23 "$finish" {0 0 0};
    %end;
    .thread T_4;
# The file index is used to find the file name in the following table.
:file_names 4;
    "N/A";
    "<interactive>";
    "n_bit_up_down_cou_tb.v";
    "./n_bit_up_down_cou.v";
