#! /c/Source/iverilog-install/bin/vvp
:ivl_version "12.0 (devel)" "(s20150603-1539-g2693dd32b)";
:ivl_delay_selection "TYPICAL";
:vpi_time_precision - 9;
:vpi_module "C:\iverilog\lib\ivl\system.vpi";
:vpi_module "C:\iverilog\lib\ivl\vhdl_sys.vpi";
:vpi_module "C:\iverilog\lib\ivl\vhdl_textio.vpi";
:vpi_module "C:\iverilog\lib\ivl\v2005_math.vpi";
:vpi_module "C:\iverilog\lib\ivl\va_math.vpi";
S_000001cf85dae4e0 .scope module, "ALU_1" "ALU_1" 2 17;
 .timescale -9 -9;
    .port_info 0 /INPUT 4 "A";
    .port_info 1 /INPUT 4 "B";
    .port_info 2 /INPUT 3 "op";
    .port_info 3 /OUTPUT 4 "result";
o000001cf85db4fa8 .functor BUFZ 4, C4<zzzz>; HiZ drive
v000001cf85d5e310_0 .net "A", 3 0, o000001cf85db4fa8;  0 drivers
o000001cf85db4fd8 .functor BUFZ 4, C4<zzzz>; HiZ drive
v000001cf85dfe6d0_0 .net "B", 3 0, o000001cf85db4fd8;  0 drivers
v000001cf85dfea90_0 .net "arith_result", 3 0, L_000001cf85dfe810;  1 drivers
v000001cf85dfe130_0 .net "logic_result", 3 0, v000001cf85d5e1d0_0;  1 drivers
o000001cf85db52a8 .functor BUFZ 3, C4<zzz>; HiZ drive
v000001cf85dfe3b0_0 .net "op", 2 0, o000001cf85db52a8;  0 drivers
v000001cf85dfe090_0 .var "result", 3 0;
E_000001cf85d97450 .event anyedge, v000001cf85dfe3b0_0, v000001cf85da5f50_0, v000001cf85d5e1d0_0;
L_000001cf85dfeef0 .part o000001cf85db52a8, 0, 1;
L_000001cf85dfec70 .part o000001cf85db52a8, 0, 2;
S_000001cf85da5d20 .scope module, "ins1" "arithmetic_unit" 2 19, 2 1 0, S_000001cf85dae4e0;
 .timescale -9 -9;
    .port_info 0 /INPUT 4 "A";
    .port_info 1 /INPUT 4 "B";
    .port_info 2 /INPUT 1 "mode";
    .port_info 3 /OUTPUT 4 "result";
v000001cf85d73b70_0 .net "A", 3 0, o000001cf85db4fa8;  alias, 0 drivers
v000001cf85da4840_0 .net "B", 3 0, o000001cf85db4fd8;  alias, 0 drivers
v000001cf85dae800_0 .net *"_ivl_0", 3 0, L_000001cf85dfe770;  1 drivers
v000001cf85dae8a0_0 .net *"_ivl_2", 3 0, L_000001cf85dfe4f0;  1 drivers
v000001cf85da5eb0_0 .net "mode", 0 0, L_000001cf85dfeef0;  1 drivers
v000001cf85da5f50_0 .net "result", 3 0, L_000001cf85dfe810;  alias, 1 drivers
L_000001cf85dfe770 .arith/sub 4, o000001cf85db4fa8, o000001cf85db4fd8;
L_000001cf85dfe4f0 .arith/sum 4, o000001cf85db4fa8, o000001cf85db4fd8;
L_000001cf85dfe810 .functor MUXZ 4, L_000001cf85dfe4f0, L_000001cf85dfe770, L_000001cf85dfeef0, C4<>;
S_000001cf85da5ff0 .scope module, "ins2" "logic_unit" 2 20, 2 5 0, S_000001cf85dae4e0;
 .timescale -9 -9;
    .port_info 0 /INPUT 4 "A";
    .port_info 1 /INPUT 4 "B";
    .port_info 2 /INPUT 2 "sel";
    .port_info 3 /OUTPUT 4 "result";
v000001cf85d5e090_0 .net "A", 3 0, o000001cf85db4fa8;  alias, 0 drivers
v000001cf85d5e130_0 .net "B", 3 0, o000001cf85db4fd8;  alias, 0 drivers
v000001cf85d5e1d0_0 .var "result", 3 0;
v000001cf85d5e270_0 .net "sel", 1 0, L_000001cf85dfec70;  1 drivers
E_000001cf85d97550 .event anyedge, v000001cf85d5e270_0, v000001cf85d73b70_0, v000001cf85da4840_0;
S_000001cf85dae670 .scope module, "testbench" "testbench" 3 4;
 .timescale -9 -9;
v000001cf85dfe630_0 .var "A", 3 0;
v000001cf85dfebd0_0 .var "B", 3 0;
v000001cf85dfee50_0 .var "op", 2 0;
v000001cf85dfe8b0_0 .net "result", 3 0, v000001cf85dfeb30_0;  1 drivers
S_000001cf85d73380 .scope module, "uut" "ALU_2" 3 9, 2 30 0, S_000001cf85dae670;
 .timescale -9 -9;
    .port_info 0 /INPUT 4 "A";
    .port_info 1 /INPUT 4 "B";
    .port_info 2 /INPUT 3 "op";
    .port_info 3 /OUTPUT 4 "result";
v000001cf85dfe450_0 .net "A", 3 0, v000001cf85dfe630_0;  1 drivers
v000001cf85dfe9f0_0 .net "B", 3 0, v000001cf85dfebd0_0;  1 drivers
v000001cf85dfe270_0 .net "op", 2 0, v000001cf85dfee50_0;  1 drivers
v000001cf85dfeb30_0 .var "result", 3 0;
E_000001cf85d972d0 .event anyedge, v000001cf85dfe270_0, v000001cf85dfe450_0, v000001cf85dfe9f0_0;
    .scope S_000001cf85da5ff0;
T_0 ;
    %wait E_000001cf85d97550;
    %load/vec4 v000001cf85d5e270_0;
    %dup/vec4;
    %pushi/vec4 0, 0, 2;
    %cmp/u;
    %jmp/1 T_0.0, 6;
    %dup/vec4;
    %pushi/vec4 1, 0, 2;
    %cmp/u;
    %jmp/1 T_0.1, 6;
    %dup/vec4;
    %pushi/vec4 2, 0, 2;
    %cmp/u;
    %jmp/1 T_0.2, 6;
    %dup/vec4;
    %pushi/vec4 3, 0, 2;
    %cmp/u;
    %jmp/1 T_0.3, 6;
    %pushi/vec4 0, 0, 4;
    %store/vec4 v000001cf85d5e1d0_0, 0, 4;
    %jmp T_0.5;
T_0.0 ;
    %load/vec4 v000001cf85d5e090_0;
    %load/vec4 v000001cf85d5e130_0;
    %xor;
    %store/vec4 v000001cf85d5e1d0_0, 0, 4;
    %jmp T_0.5;
T_0.1 ;
    %load/vec4 v000001cf85d5e090_0;
    %inv;
    %store/vec4 v000001cf85d5e1d0_0, 0, 4;
    %jmp T_0.5;
T_0.2 ;
    %load/vec4 v000001cf85d5e090_0;
    %load/vec4 v000001cf85d5e130_0;
    %and;
    %store/vec4 v000001cf85d5e1d0_0, 0, 4;
    %jmp T_0.5;
T_0.3 ;
    %load/vec4 v000001cf85d5e090_0;
    %load/vec4 v000001cf85d5e130_0;
    %or;
    %store/vec4 v000001cf85d5e1d0_0, 0, 4;
    %jmp T_0.5;
T_0.5 ;
    %pop/vec4 1;
    %jmp T_0;
    .thread T_0, $push;
    .scope S_000001cf85dae4e0;
T_1 ;
    %wait E_000001cf85d97450;
    %load/vec4 v000001cf85dfe3b0_0;
    %dup/vec4;
    %pushi/vec4 0, 0, 3;
    %cmp/u;
    %jmp/1 T_1.0, 6;
    %dup/vec4;
    %pushi/vec4 1, 0, 3;
    %cmp/u;
    %jmp/1 T_1.1, 6;
    %dup/vec4;
    %pushi/vec4 2, 0, 3;
    %cmp/u;
    %jmp/1 T_1.2, 6;
    %dup/vec4;
    %pushi/vec4 3, 0, 3;
    %cmp/u;
    %jmp/1 T_1.3, 6;
    %dup/vec4;
    %pushi/vec4 4, 0, 3;
    %cmp/u;
    %jmp/1 T_1.4, 6;
    %dup/vec4;
    %pushi/vec4 5, 0, 3;
    %cmp/u;
    %jmp/1 T_1.5, 6;
    %pushi/vec4 0, 0, 4;
    %store/vec4 v000001cf85dfe090_0, 0, 4;
    %jmp T_1.7;
T_1.0 ;
    %load/vec4 v000001cf85dfea90_0;
    %store/vec4 v000001cf85dfe090_0, 0, 4;
    %jmp T_1.7;
T_1.1 ;
    %load/vec4 v000001cf85dfea90_0;
    %store/vec4 v000001cf85dfe090_0, 0, 4;
    %jmp T_1.7;
T_1.2 ;
    %load/vec4 v000001cf85dfe130_0;
    %store/vec4 v000001cf85dfe090_0, 0, 4;
    %jmp T_1.7;
T_1.3 ;
    %load/vec4 v000001cf85dfe130_0;
    %store/vec4 v000001cf85dfe090_0, 0, 4;
    %jmp T_1.7;
T_1.4 ;
    %load/vec4 v000001cf85dfe130_0;
    %store/vec4 v000001cf85dfe090_0, 0, 4;
    %jmp T_1.7;
T_1.5 ;
    %load/vec4 v000001cf85dfe130_0;
    %store/vec4 v000001cf85dfe090_0, 0, 4;
    %jmp T_1.7;
T_1.7 ;
    %pop/vec4 1;
    %jmp T_1;
    .thread T_1, $push;
    .scope S_000001cf85d73380;
T_2 ;
    %wait E_000001cf85d972d0;
    %load/vec4 v000001cf85dfe270_0;
    %dup/vec4;
    %pushi/vec4 0, 0, 3;
    %cmp/u;
    %jmp/1 T_2.0, 6;
    %dup/vec4;
    %pushi/vec4 1, 0, 3;
    %cmp/u;
    %jmp/1 T_2.1, 6;
    %dup/vec4;
    %pushi/vec4 2, 0, 3;
    %cmp/u;
    %jmp/1 T_2.2, 6;
    %dup/vec4;
    %pushi/vec4 3, 0, 3;
    %cmp/u;
    %jmp/1 T_2.3, 6;
    %dup/vec4;
    %pushi/vec4 4, 0, 3;
    %cmp/u;
    %jmp/1 T_2.4, 6;
    %dup/vec4;
    %pushi/vec4 5, 0, 3;
    %cmp/u;
    %jmp/1 T_2.5, 6;
    %pushi/vec4 0, 0, 4;
    %store/vec4 v000001cf85dfeb30_0, 0, 4;
    %jmp T_2.7;
T_2.0 ;
    %load/vec4 v000001cf85dfe450_0;
    %load/vec4 v000001cf85dfe9f0_0;
    %add;
    %store/vec4 v000001cf85dfeb30_0, 0, 4;
    %jmp T_2.7;
T_2.1 ;
    %load/vec4 v000001cf85dfe450_0;
    %load/vec4 v000001cf85dfe9f0_0;
    %sub;
    %store/vec4 v000001cf85dfeb30_0, 0, 4;
    %jmp T_2.7;
T_2.2 ;
    %load/vec4 v000001cf85dfe450_0;
    %load/vec4 v000001cf85dfe9f0_0;
    %and;
    %store/vec4 v000001cf85dfeb30_0, 0, 4;
    %jmp T_2.7;
T_2.3 ;
    %load/vec4 v000001cf85dfe450_0;
    %load/vec4 v000001cf85dfe9f0_0;
    %or;
    %store/vec4 v000001cf85dfeb30_0, 0, 4;
    %jmp T_2.7;
T_2.4 ;
    %load/vec4 v000001cf85dfe450_0;
    %load/vec4 v000001cf85dfe9f0_0;
    %xor;
    %store/vec4 v000001cf85dfeb30_0, 0, 4;
    %jmp T_2.7;
T_2.5 ;
    %load/vec4 v000001cf85dfe450_0;
    %inv;
    %store/vec4 v000001cf85dfeb30_0, 0, 4;
    %jmp T_2.7;
T_2.7 ;
    %pop/vec4 1;
    %jmp T_2;
    .thread T_2, $push;
    .scope S_000001cf85dae670;
T_3 ;
    %vpi_call 3 12 "$dumpfile", "waveform.vcd" {0 0 0};
    %vpi_call 3 13 "$dumpvars", 32'sb00000000000000000000000000000000, S_000001cf85dae670 {0 0 0};
    %vpi_call 3 14 "$monitor", "A = %b, B = %b, op = %b, result = %b", v000001cf85dfe630_0, v000001cf85dfebd0_0, v000001cf85dfee50_0, v000001cf85dfe8b0_0 {0 0 0};
    %pushi/vec4 10, 0, 4;
    %store/vec4 v000001cf85dfe630_0, 0, 4;
    %pushi/vec4 5, 0, 4;
    %store/vec4 v000001cf85dfebd0_0, 0, 4;
    %pushi/vec4 0, 0, 3;
    %store/vec4 v000001cf85dfee50_0, 0, 3;
    %delay 10, 0;
    %pushi/vec4 10, 0, 4;
    %store/vec4 v000001cf85dfe630_0, 0, 4;
    %pushi/vec4 5, 0, 4;
    %store/vec4 v000001cf85dfebd0_0, 0, 4;
    %pushi/vec4 1, 0, 3;
    %store/vec4 v000001cf85dfee50_0, 0, 3;
    %delay 10, 0;
    %pushi/vec4 10, 0, 4;
    %store/vec4 v000001cf85dfe630_0, 0, 4;
    %pushi/vec4 5, 0, 4;
    %store/vec4 v000001cf85dfebd0_0, 0, 4;
    %pushi/vec4 2, 0, 3;
    %store/vec4 v000001cf85dfee50_0, 0, 3;
    %delay 10, 0;
    %pushi/vec4 10, 0, 4;
    %store/vec4 v000001cf85dfe630_0, 0, 4;
    %pushi/vec4 5, 0, 4;
    %store/vec4 v000001cf85dfebd0_0, 0, 4;
    %pushi/vec4 3, 0, 3;
    %store/vec4 v000001cf85dfee50_0, 0, 3;
    %delay 10, 0;
    %pushi/vec4 10, 0, 4;
    %store/vec4 v000001cf85dfe630_0, 0, 4;
    %pushi/vec4 5, 0, 4;
    %store/vec4 v000001cf85dfebd0_0, 0, 4;
    %pushi/vec4 4, 0, 3;
    %store/vec4 v000001cf85dfee50_0, 0, 3;
    %delay 10, 0;
    %pushi/vec4 10, 0, 4;
    %store/vec4 v000001cf85dfe630_0, 0, 4;
    %pushi/vec4 5, 0, 4;
    %store/vec4 v000001cf85dfebd0_0, 0, 4;
    %pushi/vec4 5, 0, 3;
    %store/vec4 v000001cf85dfee50_0, 0, 3;
    %delay 10, 0;
    %vpi_call 3 21 "$finish" {0 0 0};
    %end;
    .thread T_3;
# The file index is used to find the file name in the following table.
:file_names 4;
    "N/A";
    "<interactive>";
    "./ALU.v";
    "ALU_tb.v";
