#! /c/Source/iverilog-install/bin/vvp
:ivl_version "12.0 (devel)" "(s20150603-1539-g2693dd32b)";
:ivl_delay_selection "TYPICAL";
:vpi_time_precision - 9;
:vpi_module "C:\iverilog\lib\ivl\system.vpi";
:vpi_module "C:\iverilog\lib\ivl\vhdl_sys.vpi";
:vpi_module "C:\iverilog\lib\ivl\vhdl_textio.vpi";
:vpi_module "C:\iverilog\lib\ivl\v2005_math.vpi";
:vpi_module "C:\iverilog\lib\ivl\va_math.vpi";
S_000001fab8105c30 .scope module, "testbench" "testbench" 2 4;
 .timescale -9 -9;
v000001fab80bbdc0_0 .var "D", 0 0;
v000001fab80bbe60_0 .net "Q", 0 0, v000001fab80d3740_0;  1 drivers
v000001fab80bbf00_0 .var "clk", 0 0;
v000001fab8103660_0 .var "reset", 0 0;
S_000001fab8105dc0 .scope module, "uut" "d_flip_flop_with_reset" 2 12, 3 1 0, S_000001fab8105c30;
 .timescale -9 -9;
    .port_info 0 /INPUT 1 "D";
    .port_info 1 /INPUT 1 "clk";
    .port_info 2 /INPUT 1 "reset";
    .port_info 3 /OUTPUT 1 "Q";
v000001fab80d39c0_0 .net "D", 0 0, v000001fab80bbdc0_0;  1 drivers
v000001fab80d3740_0 .var "Q", 0 0;
v000001fab8105f50_0 .net "clk", 0 0, v000001fab80bbf00_0;  1 drivers
v000001fab8105ff0_0 .net "reset", 0 0, v000001fab8103660_0;  1 drivers
E_000001fab80bd480 .event posedge, v000001fab8105ff0_0, v000001fab8105f50_0;
    .scope S_000001fab8105dc0;
T_0 ;
    %wait E_000001fab80bd480;
    %load/vec4 v000001fab8105ff0_0;
    %flag_set/vec4 8;
    %jmp/0xz  T_0.0, 8;
    %pushi/vec4 0, 0, 1;
    %assign/vec4 v000001fab80d3740_0, 0;
    %jmp T_0.1;
T_0.0 ;
    %load/vec4 v000001fab80d39c0_0;
    %assign/vec4 v000001fab80d3740_0, 0;
T_0.1 ;
    %jmp T_0;
    .thread T_0;
    .scope S_000001fab8105c30;
T_1 ;
    %pushi/vec4 0, 0, 1;
    %store/vec4 v000001fab80bbf00_0, 0, 1;
    %end;
    .thread T_1;
    .scope S_000001fab8105c30;
T_2 ;
    %pushi/vec4 0, 0, 1;
    %store/vec4 v000001fab8103660_0, 0, 1;
    %end;
    .thread T_2;
    .scope S_000001fab8105c30;
T_3 ;
    %delay 5, 0;
    %load/vec4 v000001fab80bbf00_0;
    %inv;
    %store/vec4 v000001fab80bbf00_0, 0, 1;
    %jmp T_3;
    .thread T_3;
    .scope S_000001fab8105c30;
T_4 ;
    %vpi_call 2 15 "$monitor", "D = %b, clk = %b, reset = %b, Q = %b", v000001fab80bbdc0_0, v000001fab80bbf00_0, v000001fab8103660_0, v000001fab80bbe60_0 {0 0 0};
    %pushi/vec4 1, 0, 1;
    %store/vec4 v000001fab80bbdc0_0, 0, 1;
    %pushi/vec4 0, 0, 1;
    %store/vec4 v000001fab8103660_0, 0, 1;
    %delay 10, 0;
    %pushi/vec4 1, 0, 1;
    %store/vec4 v000001fab80bbdc0_0, 0, 1;
    %pushi/vec4 1, 0, 1;
    %store/vec4 v000001fab8103660_0, 0, 1;
    %delay 10, 0;
    %pushi/vec4 0, 0, 1;
    %store/vec4 v000001fab80bbdc0_0, 0, 1;
    %pushi/vec4 0, 0, 1;
    %store/vec4 v000001fab8103660_0, 0, 1;
    %delay 10, 0;
    %vpi_call 2 19 "$finish" {0 0 0};
    %end;
    .thread T_4;
# The file index is used to find the file name in the following table.
:file_names 4;
    "N/A";
    "<interactive>";
    "D_flip_flop_with_reset_tb.v";
    "./D_flip_flop_with_reset.v";
