#! /c/Source/iverilog-install/bin/vvp
:ivl_version "12.0 (devel)" "(s20150603-1539-g2693dd32b)";
:ivl_delay_selection "TYPICAL";
:vpi_time_precision - 9;
:vpi_module "C:\iverilog\lib\ivl\system.vpi";
:vpi_module "C:\iverilog\lib\ivl\vhdl_sys.vpi";
:vpi_module "C:\iverilog\lib\ivl\vhdl_textio.vpi";
:vpi_module "C:\iverilog\lib\ivl\v2005_math.vpi";
:vpi_module "C:\iverilog\lib\ivl\va_math.vpi";
S_0000019898cb86a0 .scope module, "testbench" "testbench" 2 4;
 .timescale -9 -9;
v0000019898be5b50_0 .var "D", 0 0;
v0000019898be5bf0_0 .net "Q", 0 0, v0000019898bb3790_0;  1 drivers
v0000019898be5c90_0 .var "clk", 0 0;
S_0000019898be5920 .scope module, "uut" "d_flip_flop" 2 11, 3 1 0, S_0000019898cb86a0;
 .timescale -9 -9;
    .port_info 0 /INPUT 1 "D";
    .port_info 1 /INPUT 1 "clk";
    .port_info 2 /OUTPUT 1 "Q";
v0000019898bb3a00_0 .net "D", 0 0, v0000019898be5b50_0;  1 drivers
v0000019898bb3790_0 .var "Q", 0 0;
v0000019898be5ab0_0 .net "clk", 0 0, v0000019898be5c90_0;  1 drivers
E_0000019898cbd500 .event posedge, v0000019898be5ab0_0;
    .scope S_0000019898be5920;
T_0 ;
    %wait E_0000019898cbd500;
    %load/vec4 v0000019898bb3a00_0;
    %assign/vec4 v0000019898bb3790_0, 0;
    %jmp T_0;
    .thread T_0;
    .scope S_0000019898cb86a0;
T_1 ;
    %pushi/vec4 0, 0, 1;
    %store/vec4 v0000019898be5c90_0, 0, 1;
    %end;
    .thread T_1;
    .scope S_0000019898cb86a0;
T_2 ;
    %delay 5, 0;
    %load/vec4 v0000019898be5c90_0;
    %inv;
    %store/vec4 v0000019898be5c90_0, 0, 1;
    %jmp T_2;
    .thread T_2;
    .scope S_0000019898cb86a0;
T_3 ;
    %vpi_call 2 13 "$monitor", "D = %b, clk = %b, Q = %b", v0000019898be5b50_0, v0000019898be5c90_0, v0000019898be5bf0_0 {0 0 0};
    %pushi/vec4 0, 0, 1;
    %store/vec4 v0000019898be5b50_0, 0, 1;
    %delay 10, 0;
    %pushi/vec4 1, 0, 1;
    %store/vec4 v0000019898be5b50_0, 0, 1;
    %delay 10, 0;
    %pushi/vec4 0, 0, 1;
    %store/vec4 v0000019898be5b50_0, 0, 1;
    %delay 10, 0;
    %pushi/vec4 1, 0, 1;
    %store/vec4 v0000019898be5b50_0, 0, 1;
    %delay 10, 0;
    %delay 5, 0;
    %vpi_call 2 18 "$finish" {0 0 0};
    %end;
    .thread T_3;
# The file index is used to find the file name in the following table.
:file_names 4;
    "N/A";
    "<interactive>";
    "D_flip_flop_tb.v";
    "./D_flip_flop.v";
