#! /c/Source/iverilog-install/bin/vvp
:ivl_version "12.0 (devel)" "(s20150603-1539-g2693dd32b)";
:ivl_delay_selection "TYPICAL";
:vpi_time_precision - 9;
:vpi_module "C:\iverilog\lib\ivl\system.vpi";
:vpi_module "C:\iverilog\lib\ivl\vhdl_sys.vpi";
:vpi_module "C:\iverilog\lib\ivl\vhdl_textio.vpi";
:vpi_module "C:\iverilog\lib\ivl\v2005_math.vpi";
:vpi_module "C:\iverilog\lib\ivl\va_math.vpi";
S_000001d7444ad2c0 .scope module, "testbench" "testbench" 2 4;
 .timescale -9 -9;
v000001d7444abb60_0 .var "J", 0 0;
v000001d7444abc00_0 .var "K", 0 0;
v000001d7444abca0_0 .net "Q", 0 0, v000001d7444ad680_0;  1 drivers
v000001d7444abd40_0 .net "Q_comp", 0 0, L_000001d7444f4a90;  1 drivers
v000001d7444abde0_0 .var "clk", 0 0;
v000001d7444abe80_0 .var "reset", 0 0;
S_000001d7444ad450 .scope module, "uut" "JK_flip_flop" 2 12, 3 1 0, S_000001d7444ad2c0;
 .timescale -9 -9;
    .port_info 0 /INPUT 1 "J";
    .port_info 1 /INPUT 1 "K";
    .port_info 2 /INPUT 1 "clk";
    .port_info 3 /INPUT 1 "reset";
    .port_info 4 /OUTPUT 1 "Q";
    .port_info 5 /OUTPUT 1 "Q_comp";
L_000001d7444f4a90 .functor NOT 1, v000001d7444ad680_0, C4<0>, C4<0>, C4<0>;
v000001d7444ad5e0_0 .net "J", 0 0, v000001d7444abb60_0;  1 drivers
v000001d7444c3780_0 .net "K", 0 0, v000001d7444abc00_0;  1 drivers
v000001d7444ad680_0 .var "Q", 0 0;
v000001d7444ab980_0 .net "Q_comp", 0 0, L_000001d7444f4a90;  alias, 1 drivers
v000001d7444aba20_0 .net "clk", 0 0, v000001d7444abde0_0;  1 drivers
o000001d7444fc068 .functor BUFZ 1, C4<z>; HiZ drive
v000001d7444abac0_0 .net "reset", 0 0, o000001d7444fc068;  0 drivers
E_000001d7444e5870 .event posedge, v000001d7444abac0_0, v000001d7444aba20_0;
    .scope S_000001d7444ad450;
T_0 ;
    %wait E_000001d7444e5870;
    %load/vec4 v000001d7444abac0_0;
    %flag_set/vec4 8;
    %jmp/0xz  T_0.0, 8;
    %pushi/vec4 0, 0, 1;
    %assign/vec4 v000001d7444ad680_0, 0;
    %jmp T_0.1;
T_0.0 ;
    %load/vec4 v000001d7444ad5e0_0;
    %pad/u 32;
    %cmpi/e 0, 0, 32;
    %flag_get/vec4 4;
    %jmp/0 T_0.4, 4;
    %load/vec4 v000001d7444c3780_0;
    %pad/u 32;
    %pushi/vec4 1, 0, 32;
    %cmp/e;
    %flag_get/vec4 4;
    %and;
T_0.4;
    %flag_set/vec4 8;
    %jmp/0xz  T_0.2, 8;
    %pushi/vec4 0, 0, 1;
    %assign/vec4 v000001d7444ad680_0, 0;
    %jmp T_0.3;
T_0.2 ;
    %load/vec4 v000001d7444ad5e0_0;
    %pad/u 32;
    %cmpi/e 1, 0, 32;
    %flag_get/vec4 4;
    %jmp/0 T_0.7, 4;
    %load/vec4 v000001d7444c3780_0;
    %pad/u 32;
    %pushi/vec4 0, 0, 32;
    %cmp/e;
    %flag_get/vec4 4;
    %and;
T_0.7;
    %flag_set/vec4 8;
    %jmp/0xz  T_0.5, 8;
    %pushi/vec4 1, 0, 1;
    %assign/vec4 v000001d7444ad680_0, 0;
    %jmp T_0.6;
T_0.5 ;
    %load/vec4 v000001d7444ad5e0_0;
    %pad/u 32;
    %cmpi/e 1, 0, 32;
    %flag_get/vec4 4;
    %jmp/0 T_0.10, 4;
    %load/vec4 v000001d7444c3780_0;
    %pad/u 32;
    %pushi/vec4 1, 0, 32;
    %cmp/e;
    %flag_get/vec4 4;
    %and;
T_0.10;
    %flag_set/vec4 8;
    %jmp/0xz  T_0.8, 8;
    %load/vec4 v000001d7444ad680_0;
    %inv;
    %assign/vec4 v000001d7444ad680_0, 0;
T_0.8 ;
T_0.6 ;
T_0.3 ;
T_0.1 ;
    %jmp T_0;
    .thread T_0;
    .scope S_000001d7444ad2c0;
T_1 ;
    %pushi/vec4 0, 0, 1;
    %store/vec4 v000001d7444abde0_0, 0, 1;
    %end;
    .thread T_1;
    .scope S_000001d7444ad2c0;
T_2 ;
    %pushi/vec4 0, 0, 1;
    %store/vec4 v000001d7444abe80_0, 0, 1;
    %end;
    .thread T_2;
    .scope S_000001d7444ad2c0;
T_3 ;
    %delay 5, 0;
    %load/vec4 v000001d7444abde0_0;
    %inv;
    %store/vec4 v000001d7444abde0_0, 0, 1;
    %jmp T_3;
    .thread T_3;
    .scope S_000001d7444ad2c0;
T_4 ;
    %vpi_call 2 15 "$monitor", "J = %b, K = %b, clk = %b, reset = %b, Q = %b, Q' = %b", v000001d7444abb60_0, v000001d7444abc00_0, v000001d7444abde0_0, v000001d7444abe80_0, v000001d7444abca0_0, v000001d7444abd40_0 {0 0 0};
    %pushi/vec4 0, 0, 1;
    %store/vec4 v000001d7444abb60_0, 0, 1;
    %pushi/vec4 1, 0, 1;
    %store/vec4 v000001d7444abc00_0, 0, 1;
    %pushi/vec4 0, 0, 1;
    %store/vec4 v000001d7444abe80_0, 0, 1;
    %delay 10, 0;
    %pushi/vec4 0, 0, 1;
    %store/vec4 v000001d7444abb60_0, 0, 1;
    %pushi/vec4 0, 0, 1;
    %store/vec4 v000001d7444abc00_0, 0, 1;
    %pushi/vec4 1, 0, 1;
    %store/vec4 v000001d7444abe80_0, 0, 1;
    %delay 10, 0;
    %pushi/vec4 1, 0, 1;
    %store/vec4 v000001d7444abb60_0, 0, 1;
    %pushi/vec4 0, 0, 1;
    %store/vec4 v000001d7444abc00_0, 0, 1;
    %pushi/vec4 0, 0, 1;
    %store/vec4 v000001d7444abe80_0, 0, 1;
    %delay 10, 0;
    %pushi/vec4 1, 0, 1;
    %store/vec4 v000001d7444abb60_0, 0, 1;
    %pushi/vec4 1, 0, 1;
    %store/vec4 v000001d7444abc00_0, 0, 1;
    %pushi/vec4 0, 0, 1;
    %store/vec4 v000001d7444abe80_0, 0, 1;
    %delay 10, 0;
    %vpi_call 2 20 "$finish" {0 0 0};
    %end;
    .thread T_4;
# The file index is used to find the file name in the following table.
:file_names 4;
    "N/A";
    "<interactive>";
    "JK_flip_flop_tb.v";
    "./JK_flip_flop.v";
